[INFO] Game start!
[INFO] [1.461초 로그] 특이사항: 주기적 로그, Ball pos: Vec2d(100.0, 80.75), vel: Vec2d(0.0, 0.5), key 입력: []
[INFO] [2.006초 로그] 특이사항: 주기적 로그, Ball pos: Vec2d(131.64084012412846, 360.75), vel: Vec2d(4.0891453476885165, 0.5), key 입력: ['right']
[INFO] [3.002초 로그] 특이사항: 주기적 로그, Ball pos: Vec2d(391.25618899160264, 360.75), vel: Vec2d(5.401533318302054, 0.5), key 입력: ['right']
[INFO] [4.009초 로그] 특이사항: 주기적 로그, Ball pos: Vec2d(628.0, 180.75), vel: Vec2d(0.0, 0.5), key 입력: []
[INFO] [5.014초 로그] 특이사항: 주기적 로그, Ball pos: Vec2d(861.8814596695472, 360.75), vel: Vec2d(5.407591267871145, 0.5), key 입력: ['right']
[INFO] [6.014초 로그] 특이사항: 주기적 로그, Ball pos: Vec2d(1161.2809811125494, 200.75), vel: Vec2d(5.336929593285431, 0.5), key 입력: ['right']
[INFO] [7.013초 로그] 특이사항: 주기적 로그, Ball pos: Vec2d(1441.2809811125492, 146.0), vel: Vec2d(5.336929593285431, -13.0), key 입력: ['right', 'up']
[INFO] [8.004초 로그] 특이사항: 주기적 로그, Ball pos: Vec2d(1731.568294731067, 272.0), vel: Vec2d(0.9046397954534922, 8.0), key 입력: []
[INFO] [9.016초 로그] 특이사항: 주기적 로그, Ball pos: Vec2d(1828.1111278491546, 360.75), vel: Vec2d(4.215444705001626, 0.5), key 입력: ['right']
[INFO] [10.015초 로그] 특이사항: 주기적 로그, Ball pos: Vec2d(2081.892884258592, 230.75), vel: Vec2d(0.3693340109378803, 8.5), key 입력: []
[INFO] [11.002초 로그] 특이사항: 주기적 로그, Ball pos: Vec2d(2228.99866231678, 249.75), vel: Vec2d(0.24409819754456258, 9.5), key 입력: []
[INFO] [12.014초 로그] 특이사항: 주기적 로그, Ball pos: Vec2d(2418.051515934552, 240.0), vel: Vec2d(0.32172937543174585, 9.0), key 입력: []
[INFO] [13.012초 로그] 특이사항: 주기적 로그, Ball pos: Vec2d(2563.392262147941, 240.0), vel: Vec2d(2.8328396856674423, 9.0), key 입력: ['right']
[INFO] [13.478초 로그] 특이사항: 게임 클리어, Ball pos: Vec2d(2703.2528490555983, 360), vel: Vec2d(5.3532416016197875, 0), key 입력: ['right']
[INFO] Game start!
[INFO] [2.029초 로그] 특이사항: 주기적 로그, Ball pos: Vec2d(100.0, 80.75), vel: Vec2d(0.0, 0.5), key 입력: []
[INFO] [2.000초 로그] 특이사항: 주기적 로그, Ball pos: Vec2d(140.42766659212506, 360.75), vel: Vec2d(4.388634157249988, 0.5), key 입력: ['right']
[INFO] [3.007초 로그] 특이사항: 주기적 로그, Ball pos: Vec2d(469.2386495407396, 282.0), vel: Vec2d(5.416295189160061, -12.0), key 입력: ['right', 'up']
[INFO] [4.003초 로그] 특이사항: 주기적 로그, Ball pos: Vec2d(698.5408035923219, 97.0), vel: Vec2d(5.152565327952875, 3.0), key 입력: ['right']
[INFO] [5.006초 로그] 특이사항: 주기적 로그, Ball pos: Vec2d(1019.975, 198.75), vel: Vec2d(0.65, -7.5), key 입력: ['right']
[INFO] [6.005초 로그] 특이사항: 주기적 로그, Ball pos: Vec2d(1323.247881018954, 195.0), vel: Vec2d(5.414944241128628, 10.0), key 입력: ['right']
[INFO] [7.002초 로그] 특이사항: 주기적 로그, Ball pos: Vec2d(1659.0694486974767, 200.75), vel: Vec2d(5.416666044271619, 0.5), key 입력: ['right']
[INFO] [8.004초 로그] 특이사항: 주기적 로그, Ball pos: Vec2d(1897.357424760731, 360.75), vel: Vec2d(5.3623280837954095, 0.5), key 입력: ['right']
[INFO] [9.006초 로그] 특이사항: 주기적 로그, Ball pos: Vec2d(2112.8165561890555, 360.75), vel: Vec2d(0.7829429967232875, 0.5), key 입력: ['right']
[INFO] [10.001초 로그] 특이사항: 주기적 로그, Ball pos: Vec2d(2225.147426078205, 332.0), vel: Vec2d(2.575986427579441, -14.0), key 입력: ['right', 'up']
[INFO] [11.002초 로그] 특이사항: 주기적 로그, Ball pos: Vec2d(2385.7020339238425, 345.75), vel: Vec2d(1.2753121087056893, -14.5), key 입력: ['right', 'up']
[INFO] [11.872초 로그] 특이사항: 장애물 충돌, Ball pos: Vec2d(2496.9398200930736, 318.75), vel: Vec2d(0.05758730345254279, 12.5), key 입력: []
[INFO] [11.888초 로그] 특이사항: 장애물 충돌, Ball pos: Vec2d(2496.9398200930736, 318.75), vel: Vec2d(0, 0), key 입력: []
[INFO] [11.904초 로그] 특이사항: 장애물 충돌, Ball pos: Vec2d(2496.9398200930736, 318.75), vel: Vec2d(0, 0), key 입력: []
[INFO] [11.920초 로그] 특이사항: 장애물 충돌, Ball pos: Vec2d(2496.9398200930736, 318.75), vel: Vec2d(0, 0), key 입력: []
[INFO] [11.936초 로그] 특이사항: 장애물 충돌, Ball pos: Vec2d(2496.9398200930736, 318.75), vel: Vec2d(0, 0), key 입력: []
[INFO] [11.952초 로그] 특이사항: 장애물 충돌, Ball pos: Vec2d(2496.9398200930736, 318.75), vel: Vec2d(0, 0), key 입력: []
[INFO] [11.969초 로그] 특이사항: 장애물 충돌, Ball pos: Vec2d(2496.9398200930736, 318.75), vel: Vec2d(0, 0), key 입력: []
[INFO] [11.985초 로그] 특이사항: 장애물 충돌, Ball pos: Vec2d(2496.9398200930736, 318.75), vel: Vec2d(0, 0), key 입력: []
[INFO] [12.001초 로그] 특이사항: 주기적 로그, Ball pos: Vec2d(2496.9398200930736, 318.75), vel: Vec2d(0, 0), key 입력: []
[INFO] [12.000초 로그] 특이사항: 장애물 충돌, Ball pos: Vec2d(2496.9398200930736, 318.75), vel: Vec2d(0, 0), key 입력: []
[INFO] [12.017초 로그] 특이사항: 장애물 충돌, Ball pos: Vec2d(2496.9398200930736, 318.75), vel: Vec2d(0, 0), key 입력: []
[INFO] [12.034초 로그] 특이사항: 장애물 충돌, Ball pos: Vec2d(2496.9398200930736, 318.75), vel: Vec2d(0, 0), key 입력: []
[INFO] [12.050초 로그] 특이사항: 장애물 충돌, Ball pos: Vec2d(2496.9398200930736, 318.75), vel: Vec2d(0, 0), key 입력: []
[INFO] [12.066초 로그] 특이사항: 장애물 충돌, Ball pos: Vec2d(2496.9398200930736, 318.75), vel: Vec2d(0, 0), key 입력: []
[INFO] [12.082초 로그] 특이사항: 장애물 충돌, Ball pos: Vec2d(2496.9398200930736, 318.75), vel: Vec2d(0, 0), key 입력: []
[INFO] [12.098초 로그] 특이사항: 장애물 충돌, Ball pos: Vec2d(2496.9398200930736, 318.75), vel: Vec2d(0, 0), key 입력: []
[INFO] [12.114초 로그] 특이사항: 장애물 충돌, Ball pos: Vec2d(2496.9398200930736, 318.75), vel: Vec2d(0, 0), key 입력: []
[INFO] [12.130초 로그] 특이사항: 장애물 충돌, Ball pos: Vec2d(2496.9398200930736, 318.75), vel: Vec2d(0, 0), key 입력: []
[INFO] [12.146초 로그] 특이사항: 장애물 충돌, Ball pos: Vec2d(2496.9398200930736, 318.75), vel: Vec2d(0, 0), key 입력: []
[INFO] [12.163초 로그] 특이사항: 장애물 충돌, Ball pos: Vec2d(2496.9398200930736, 318.75), vel: Vec2d(0, 0), key 입력: []
[INFO] [12.180초 로그] 특이사항: 장애물 충돌, Ball pos: Vec2d(2496.9398200930736, 318.75), vel: Vec2d(0, 0), key 입력: []
[INFO] [12.196초 로그] 특이사항: 장애물 충돌, Ball pos: Vec2d(2496.9398200930736, 318.75), vel: Vec2d(0, 0), key 입력: []
[INFO] [12.213초 로그] 특이사항: 장애물 충돌, Ball pos: Vec2d(2496.9398200930736, 318.75), vel: Vec2d(0, 0), key 입력: []
[INFO] [12.229초 로그] 특이사항: 장애물 충돌, Ball pos: Vec2d(2496.9398200930736, 318.75), vel: Vec2d(0, 0), key 입력: []
[INFO] [12.246초 로그] 특이사항: 장애물 충돌, Ball pos: Vec2d(2496.9398200930736, 318.75), vel: Vec2d(0, 0), key 입력: []
[INFO] [12.262초 로그] 특이사항: 장애물 충돌, Ball pos: Vec2d(2496.9398200930736, 318.75), vel: Vec2d(0, 0), key 입력: ['left']
[INFO] [12.278초 로그] 특이사항: 장애물 충돌, Ball pos: Vec2d(2496.9398200930736, 318.75), vel: Vec2d(0, 0), key 입력: ['left']
[INFO] [12.295초 로그] 특이사항: 장애물 충돌, Ball pos: Vec2d(2496.9398200930736, 318.75), vel: Vec2d(0, 0), key 입력: ['left']
[INFO] [12.311초 로그] 특이사항: 장애물 충돌, Ball pos: Vec2d(2496.9398200930736, 318.75), vel: Vec2d(0, 0), key 입력: ['left']
[INFO] [12.327초 로그] 특이사항: 장애물 충돌, Ball pos: Vec2d(2496.9398200930736, 318.75), vel: Vec2d(0, 0), key 입력: ['left']
[INFO] [12.343초 로그] 특이사항: 장애물 충돌, Ball pos: Vec2d(2496.9398200930736, 318.75), vel: Vec2d(0, 0), key 입력: ['left']
[INFO] [12.360초 로그] 특이사항: 장애물 충돌, Ball pos: Vec2d(2496.9398200930736, 318.75), vel: Vec2d(0, 0), key 입력: ['left']
[INFO] [12.376초 로그] 특이사항: 장애물 충돌, Ball pos: Vec2d(2496.9398200930736, 318.75), vel: Vec2d(0, 0), key 입력: ['left']
[INFO] [12.392초 로그] 특이사항: 장애물 충돌, Ball pos: Vec2d(2496.9398200930736, 318.75), vel: Vec2d(0, 0), key 입력: ['left']
[INFO] [12.408초 로그] 특이사항: 장애물 충돌, Ball pos: Vec2d(2496.9398200930736, 318.75), vel: Vec2d(0, 0), key 입력: ['left']
[INFO] [12.425초 로그] 특이사항: 장애물 충돌, Ball pos: Vec2d(2496.9398200930736, 318.75), vel: Vec2d(0, 0), key 입력: ['left']
[INFO] [12.442초 로그] 특이사항: 장애물 충돌, Ball pos: Vec2d(2496.9398200930736, 318.75), vel: Vec2d(0, 0), key 입력: ['left']
[INFO] [12.458초 로그] 특이사항: 장애물 충돌, Ball pos: Vec2d(2496.9398200930736, 318.75), vel: Vec2d(0, 0), key 입력: ['left']
[INFO] [12.475초 로그] 특이사항: 장애물 충돌, Ball pos: Vec2d(2496.9398200930736, 318.75), vel: Vec2d(0, 0), key 입력: ['left']
[INFO] [12.491초 로그] 특이사항: 장애물 충돌, Ball pos: Vec2d(2496.9398200930736, 318.75), vel: Vec2d(0, 0), key 입력: ['left']
[INFO] [12.509초 로그] 특이사항: 장애물 충돌, Ball pos: Vec2d(2496.9398200930736, 318.75), vel: Vec2d(0, 0), key 입력: ['left']
[INFO] [12.526초 로그] 특이사항: 장애물 충돌, Ball pos: Vec2d(2496.9398200930736, 318.75), vel: Vec2d(0, 0), key 입력: ['left', 'right']
[INFO] [12.542초 로그] 특이사항: 장애물 충돌, Ball pos: Vec2d(2496.9398200930736, 318.75), vel: Vec2d(0, 0), key 입력: ['right']
[INFO] [12.558초 로그] 특이사항: 장애물 충돌, Ball pos: Vec2d(2496.9398200930736, 318.75), vel: Vec2d(0, 0), key 입력: ['right']
[INFO] [12.574초 로그] 특이사항: 장애물 충돌, Ball pos: Vec2d(2496.9398200930736, 318.75), vel: Vec2d(0, 0), key 입력: ['right']
[INFO] [12.590초 로그] 특이사항: 장애물 충돌, Ball pos: Vec2d(2496.9398200930736, 318.75), vel: Vec2d(0, 0), key 입력: ['right']
[INFO] [12.606초 로그] 특이사항: 장애물 충돌, Ball pos: Vec2d(2496.9398200930736, 318.75), vel: Vec2d(0, 0), key 입력: ['right']
[INFO] [12.622초 로그] 특이사항: 장애물 충돌, Ball pos: Vec2d(2496.9398200930736, 318.75), vel: Vec2d(0, 0), key 입력: ['right']
[INFO] [12.638초 로그] 특이사항: 장애물 충돌, Ball pos: Vec2d(2496.9398200930736, 318.75), vel: Vec2d(0, 0), key 입력: ['right']
[INFO] [12.654초 로그] 특이사항: 장애물 충돌, Ball pos: Vec2d(2496.9398200930736, 318.75), vel: Vec2d(0, 0), key 입력: ['right']
[INFO] [12.670초 로그] 특이사항: 장애물 충돌, Ball pos: Vec2d(2496.9398200930736, 318.75), vel: Vec2d(0, 0), key 입력: ['right']
[INFO] [12.687초 로그] 특이사항: 장애물 충돌, Ball pos: Vec2d(2496.9398200930736, 318.75), vel: Vec2d(0, 0), key 입력: ['right']
[INFO] [12.703초 로그] 특이사항: 장애물 충돌, Ball pos: Vec2d(2496.9398200930736, 318.75), vel: Vec2d(0, 0), key 입력: ['left', 'right']
[INFO] [12.718초 로그] 특이사항: 장애물 충돌, Ball pos: Vec2d(2496.9398200930736, 318.75), vel: Vec2d(0, 0), key 입력: ['left', 'right']
[INFO] [12.734초 로그] 특이사항: 장애물 충돌, Ball pos: Vec2d(2496.9398200930736, 318.75), vel: Vec2d(0, 0), key 입력: ['left', 'right']
[INFO] [12.750초 로그] 특이사항: 장애물 충돌, Ball pos: Vec2d(2496.9398200930736, 318.75), vel: Vec2d(0, 0), key 입력: ['left']
[INFO] [12.766초 로그] 특이사항: 장애물 충돌, Ball pos: Vec2d(2496.9398200930736, 318.75), vel: Vec2d(0, 0), key 입력: ['left']
[INFO] [12.782초 로그] 특이사항: 장애물 충돌, Ball pos: Vec2d(2496.9398200930736, 318.75), vel: Vec2d(0, 0), key 입력: ['left']
[INFO] [12.799초 로그] 특이사항: 장애물 충돌, Ball pos: Vec2d(2496.9398200930736, 318.75), vel: Vec2d(0, 0), key 입력: ['left']
[INFO] [12.815초 로그] 특이사항: 장애물 충돌, Ball pos: Vec2d(2496.9398200930736, 318.75), vel: Vec2d(0, 0), key 입력: ['left']
[INFO] [12.831초 로그] 특이사항: 장애물 충돌, Ball pos: Vec2d(2496.9398200930736, 318.75), vel: Vec2d(0, 0), key 입력: ['left']
[INFO] [12.847초 로그] 특이사항: 장애물 충돌, Ball pos: Vec2d(2496.9398200930736, 318.75), vel: Vec2d(0, 0), key 입력: ['left']
[INFO] [12.863초 로그] 특이사항: 장애물 충돌, Ball pos: Vec2d(2496.9398200930736, 318.75), vel: Vec2d(0, 0), key 입력: ['left']
[INFO] [12.879초 로그] 특이사항: 장애물 충돌, Ball pos: Vec2d(2496.9398200930736, 318.75), vel: Vec2d(0, 0), key 입력: ['left']
[INFO] [12.895초 로그] 특이사항: 장애물 충돌, Ball pos: Vec2d(2496.9398200930736, 318.75), vel: Vec2d(0, 0), key 입력: ['left']
[INFO] [12.912초 로그] 특이사항: 장애물 충돌, Ball pos: Vec2d(2496.9398200930736, 318.75), vel: Vec2d(0, 0), key 입력: ['left']
[INFO] [12.928초 로그] 특이사항: 장애물 충돌, Ball pos: Vec2d(2496.9398200930736, 318.75), vel: Vec2d(0, 0), key 입력: ['left', 'right']
[INFO] [12.944초 로그] 특이사항: 장애물 충돌, Ball pos: Vec2d(2496.9398200930736, 318.75), vel: Vec2d(0, 0), key 입력: ['left', 'right']
[INFO] [12.960초 로그] 특이사항: 장애물 충돌, Ball pos: Vec2d(2496.9398200930736, 318.75), vel: Vec2d(0, 0), key 입력: ['left', 'right']
[INFO] [12.976초 로그] 특이사항: 장애물 충돌, Ball pos: Vec2d(2496.9398200930736, 318.75), vel: Vec2d(0, 0), key 입력: ['left', 'right']
[INFO] [12.992초 로그] 특이사항: 장애물 충돌, Ball pos: Vec2d(2496.9398200930736, 318.75), vel: Vec2d(0, 0), key 입력: ['left', 'right']
[INFO] [13.008초 로그] 특이사항: 주기적 로그, Ball pos: Vec2d(2496.9398200930736, 318.75), vel: Vec2d(0, 0), key 입력: ['left', 'right']
[INFO] [13.000초 로그] 특이사항: 장애물 충돌, Ball pos: Vec2d(2496.9398200930736, 318.75), vel: Vec2d(0, 0), key 입력: ['left', 'right']
[INFO] [13.017초 로그] 특이사항: 장애물 충돌, Ball pos: Vec2d(2496.9398200930736, 318.75), vel: Vec2d(0, 0), key 입력: ['left', 'right']
[INFO] [13.033초 로그] 특이사항: 장애물 충돌, Ball pos: Vec2d(2496.9398200930736, 318.75), vel: Vec2d(0, 0), key 입력: ['left', 'right']
[INFO] [13.049초 로그] 특이사항: 장애물 충돌, Ball pos: Vec2d(2496.9398200930736, 318.75), vel: Vec2d(0, 0), key 입력: ['left', 'right']
[INFO] [13.065초 로그] 특이사항: 장애물 충돌, Ball pos: Vec2d(2496.9398200930736, 318.75), vel: Vec2d(0, 0), key 입력: ['left', 'right']
[INFO] [13.081초 로그] 특이사항: 장애물 충돌, Ball pos: Vec2d(2496.9398200930736, 318.75), vel: Vec2d(0, 0), key 입력: ['left', 'right']
[INFO] [13.097초 로그] 특이사항: 장애물 충돌, Ball pos: Vec2d(2496.9398200930736, 318.75), vel: Vec2d(0, 0), key 입력: ['left', 'right']
[INFO] [13.113초 로그] 특이사항: 장애물 충돌, Ball pos: Vec2d(2496.9398200930736, 318.75), vel: Vec2d(0, 0), key 입력: ['left', 'right']
[INFO] [13.129초 로그] 특이사항: 장애물 충돌, Ball pos: Vec2d(2496.9398200930736, 318.75), vel: Vec2d(0, 0), key 입력: ['right']
[INFO] [13.145초 로그] 특이사항: 장애물 충돌, Ball pos: Vec2d(2496.9398200930736, 318.75), vel: Vec2d(0, 0), key 입력: ['right', 'up']
[INFO] [13.161초 로그] 특이사항: 장애물 충돌, Ball pos: Vec2d(2496.9398200930736, 318.75), vel: Vec2d(0, 0), key 입력: ['right', 'up']
[INFO] [13.177초 로그] 특이사항: 장애물 충돌, Ball pos: Vec2d(2496.9398200930736, 318.75), vel: Vec2d(0, 0), key 입력: ['right', 'up']
[INFO] [13.193초 로그] 특이사항: 장애물 충돌, Ball pos: Vec2d(2496.9398200930736, 318.75), vel: Vec2d(0, 0), key 입력: ['right', 'up']
[INFO] [13.209초 로그] 특이사항: 장애물 충돌, Ball pos: Vec2d(2496.9398200930736, 318.75), vel: Vec2d(0, 0), key 입력: ['right', 'up']
[INFO] [13.226초 로그] 특이사항: 장애물 충돌, Ball pos: Vec2d(2496.9398200930736, 318.75), vel: Vec2d(0, 0), key 입력: ['up']
[INFO] [13.243초 로그] 특이사항: 장애물 충돌, Ball pos: Vec2d(2496.9398200930736, 318.75), vel: Vec2d(0, 0), key 입력: ['up']
[INFO] [13.259초 로그] 특이사항: 장애물 충돌, Ball pos: Vec2d(2496.9398200930736, 318.75), vel: Vec2d(0, 0), key 입력: ['up']
[INFO] [13.275초 로그] 특이사항: 장애물 충돌, Ball pos: Vec2d(2496.9398200930736, 318.75), vel: Vec2d(0, 0), key 입력: ['up']
[INFO] [13.292초 로그] 특이사항: 장애물 충돌, Ball pos: Vec2d(2496.9398200930736, 318.75), vel: Vec2d(0, 0), key 입력: ['up']
[INFO] [13.308초 로그] 특이사항: 장애물 충돌, Ball pos: Vec2d(2496.9398200930736, 318.75), vel: Vec2d(0, 0), key 입력: ['up']
[INFO] [13.324초 로그] 특이사항: 장애물 충돌, Ball pos: Vec2d(2496.9398200930736, 318.75), vel: Vec2d(0, 0), key 입력: ['up']
[INFO] [13.341초 로그] 특이사항: 장애물 충돌, Ball pos: Vec2d(2496.9398200930736, 318.75), vel: Vec2d(0, 0), key 입력: ['up']
[INFO] [13.357초 로그] 특이사항: 장애물 충돌, Ball pos: Vec2d(2496.9398200930736, 318.75), vel: Vec2d(0, 0), key 입력: ['up']
[INFO] [13.373초 로그] 특이사항: 장애물 충돌, Ball pos: Vec2d(2496.9398200930736, 318.75), vel: Vec2d(0, 0), key 입력: ['up']
[INFO] [13.390초 로그] 특이사항: 장애물 충돌, Ball pos: Vec2d(2496.9398200930736, 318.75), vel: Vec2d(0, 0), key 입력: ['up']
[INFO] [13.406초 로그] 특이사항: 장애물 충돌, Ball pos: Vec2d(2496.9398200930736, 318.75), vel: Vec2d(0, 0), key 입력: ['up']
[INFO] [13.422초 로그] 특이사항: 장애물 충돌, Ball pos: Vec2d(2496.9398200930736, 318.75), vel: Vec2d(0, 0), key 입력: ['up']
[INFO] [13.438초 로그] 특이사항: 장애물 충돌, Ball pos: Vec2d(2496.9398200930736, 318.75), vel: Vec2d(0, 0), key 입력: ['left', 'up']
[INFO] [13.454초 로그] 특이사항: 장애물 충돌, Ball pos: Vec2d(2496.9398200930736, 318.75), vel: Vec2d(0, 0), key 입력: ['left', 'up']
[INFO] [13.470초 로그] 특이사항: 장애물 충돌, Ball pos: Vec2d(2496.9398200930736, 318.75), vel: Vec2d(0, 0), key 입력: ['left', 'up']
[INFO] [13.486초 로그] 특이사항: 장애물 충돌, Ball pos: Vec2d(2496.9398200930736, 318.75), vel: Vec2d(0, 0), key 입력: ['left', 'up']
[INFO] [13.503초 로그] 특이사항: 장애물 충돌, Ball pos: Vec2d(2496.9398200930736, 318.75), vel: Vec2d(0, 0), key 입력: ['left']
[INFO] [13.519초 로그] 특이사항: 장애물 충돌, Ball pos: Vec2d(2496.9398200930736, 318.75), vel: Vec2d(0, 0), key 입력: ['left']
[INFO] [13.536초 로그] 특이사항: 장애물 충돌, Ball pos: Vec2d(2496.9398200930736, 318.75), vel: Vec2d(0, 0), key 입력: ['left']
[INFO] [13.552초 로그] 특이사항: 장애물 충돌, Ball pos: Vec2d(2496.9398200930736, 318.75), vel: Vec2d(0, 0), key 입력: ['left']
[INFO] [13.568초 로그] 특이사항: 장애물 충돌, Ball pos: Vec2d(2496.9398200930736, 318.75), vel: Vec2d(0, 0), key 입력: ['left']
[INFO] [13.584초 로그] 특이사항: 장애물 충돌, Ball pos: Vec2d(2496.9398200930736, 318.75), vel: Vec2d(0, 0), key 입력: ['left']
[INFO] [13.600초 로그] 특이사항: 장애물 충돌, Ball pos: Vec2d(2496.9398200930736, 318.75), vel: Vec2d(0, 0), key 입력: ['left']
[INFO] [13.616초 로그] 특이사항: 장애물 충돌, Ball pos: Vec2d(2496.9398200930736, 318.75), vel: Vec2d(0, 0), key 입력: ['left']
[INFO] [13.632초 로그] 특이사항: 장애물 충돌, Ball pos: Vec2d(2496.9398200930736, 318.75), vel: Vec2d(0, 0), key 입력: ['left']
[INFO] [13.648초 로그] 특이사항: 장애물 충돌, Ball pos: Vec2d(2496.9398200930736, 318.75), vel: Vec2d(0, 0), key 입력: ['left']
[INFO] [13.664초 로그] 특이사항: 장애물 충돌, Ball pos: Vec2d(2496.9398200930736, 318.75), vel: Vec2d(0, 0), key 입력: ['left']
[INFO] [13.681초 로그] 특이사항: 장애물 충돌, Ball pos: Vec2d(2496.9398200930736, 318.75), vel: Vec2d(0, 0), key 입력: ['left']
[INFO] [13.697초 로그] 특이사항: 장애물 충돌, Ball pos: Vec2d(2496.9398200930736, 318.75), vel: Vec2d(0, 0), key 입력: ['left']
[INFO] [13.712초 로그] 특이사항: 장애물 충돌, Ball pos: Vec2d(2496.9398200930736, 318.75), vel: Vec2d(0, 0), key 입력: ['left']
[INFO] [13.728초 로그] 특이사항: 장애물 충돌, Ball pos: Vec2d(2496.9398200930736, 318.75), vel: Vec2d(0, 0), key 입력: ['left']
[INFO] [13.745초 로그] 특이사항: 장애물 충돌, Ball pos: Vec2d(2496.9398200930736, 318.75), vel: Vec2d(0, 0), key 입력: []
[INFO] [13.761초 로그] 특이사항: 장애물 충돌, Ball pos: Vec2d(2496.9398200930736, 318.75), vel: Vec2d(0, 0), key 입력: []
[INFO] [13.777초 로그] 특이사항: 장애물 충돌, Ball pos: Vec2d(2496.9398200930736, 318.75), vel: Vec2d(0, 0), key 입력: []
[INFO] [13.793초 로그] 특이사항: 장애물 충돌, Ball pos: Vec2d(2496.9398200930736, 318.75), vel: Vec2d(0, 0), key 입력: []
[INFO] [13.810초 로그] 특이사항: 장애물 충돌, Ball pos: Vec2d(2496.9398200930736, 318.75), vel: Vec2d(0, 0), key 입력: []
[INFO] [13.826초 로그] 특이사항: 장애물 충돌, Ball pos: Vec2d(2496.9398200930736, 318.75), vel: Vec2d(0, 0), key 입력: []
[INFO] [13.842초 로그] 특이사항: 장애물 충돌, Ball pos: Vec2d(2496.9398200930736, 318.75), vel: Vec2d(0, 0), key 입력: []
[INFO] [13.858초 로그] 특이사항: 장애물 충돌, Ball pos: Vec2d(2496.9398200930736, 318.75), vel: Vec2d(0, 0), key 입력: []
[INFO] [13.874초 로그] 특이사항: 장애물 충돌, Ball pos: Vec2d(2496.9398200930736, 318.75), vel: Vec2d(0, 0), key 입력: []
[INFO] [13.890초 로그] 특이사항: 장애물 충돌, Ball pos: Vec2d(2496.9398200930736, 318.75), vel: Vec2d(0, 0), key 입력: []
[INFO] [13.906초 로그] 특이사항: 장애물 충돌, Ball pos: Vec2d(2496.9398200930736, 318.75), vel: Vec2d(0, 0), key 입력: []
[INFO] [13.923초 로그] 특이사항: 장애물 충돌, Ball pos: Vec2d(2496.9398200930736, 318.75), vel: Vec2d(0, 0), key 입력: ['right']
[INFO] [13.939초 로그] 특이사항: 장애물 충돌, Ball pos: Vec2d(2496.9398200930736, 318.75), vel: Vec2d(0, 0), key 입력: ['right']
[INFO] [13.955초 로그] 특이사항: 장애물 충돌, Ball pos: Vec2d(2496.9398200930736, 318.75), vel: Vec2d(0, 0), key 입력: ['right']
[INFO] [13.972초 로그] 특이사항: 장애물 충돌, Ball pos: Vec2d(2496.9398200930736, 318.75), vel: Vec2d(0, 0), key 입력: ['right']
[INFO] [13.988초 로그] 특이사항: 장애물 충돌, Ball pos: Vec2d(2496.9398200930736, 318.75), vel: Vec2d(0, 0), key 입력: ['right']
[INFO] [14.004초 로그] 특이사항: 주기적 로그, Ball pos: Vec2d(2496.9398200930736, 318.75), vel: Vec2d(0, 0), key 입력: ['right']
[INFO] [14.000초 로그] 특이사항: 장애물 충돌, Ball pos: Vec2d(2496.9398200930736, 318.75), vel: Vec2d(0, 0), key 입력: ['right']
[INFO] [14.016초 로그] 특이사항: 장애물 충돌, Ball pos: Vec2d(2496.9398200930736, 318.75), vel: Vec2d(0, 0), key 입력: ['right']
[INFO] [14.032초 로그] 특이사항: 장애물 충돌, Ball pos: Vec2d(2496.9398200930736, 318.75), vel: Vec2d(0, 0), key 입력: ['right']
[INFO] [14.048초 로그] 특이사항: 장애물 충돌, Ball pos: Vec2d(2496.9398200930736, 318.75), vel: Vec2d(0, 0), key 입력: ['right']
[INFO] [14.064초 로그] 특이사항: 장애물 충돌, Ball pos: Vec2d(2496.9398200930736, 318.75), vel: Vec2d(0, 0), key 입력: ['right']
[INFO] [14.080초 로그] 특이사항: 장애물 충돌, Ball pos: Vec2d(2496.9398200930736, 318.75), vel: Vec2d(0, 0), key 입력: ['right']
[INFO] [14.097초 로그] 특이사항: 장애물 충돌, Ball pos: Vec2d(2496.9398200930736, 318.75), vel: Vec2d(0, 0), key 입력: ['right']
[INFO] [14.113초 로그] 특이사항: 장애물 충돌, Ball pos: Vec2d(2496.9398200930736, 318.75), vel: Vec2d(0, 0), key 입력: ['right']
[INFO] [14.129초 로그] 특이사항: 장애물 충돌, Ball pos: Vec2d(2496.9398200930736, 318.75), vel: Vec2d(0, 0), key 입력: ['right']
[INFO] [14.145초 로그] 특이사항: 장애물 충돌, Ball pos: Vec2d(2496.9398200930736, 318.75), vel: Vec2d(0, 0), key 입력: ['right', 'up']
[INFO] [14.161초 로그] 특이사항: 장애물 충돌, Ball pos: Vec2d(2496.9398200930736, 318.75), vel: Vec2d(0, 0), key 입력: ['right', 'up']
[INFO] [14.177초 로그] 특이사항: 장애물 충돌, Ball pos: Vec2d(2496.9398200930736, 318.75), vel: Vec2d(0, 0), key 입력: ['right', 'up']
[INFO] [14.193초 로그] 특이사항: 장애물 충돌, Ball pos: Vec2d(2496.9398200930736, 318.75), vel: Vec2d(0, 0), key 입력: ['right', 'up']
[INFO] [14.210초 로그] 특이사항: 장애물 충돌, Ball pos: Vec2d(2496.9398200930736, 318.75), vel: Vec2d(0, 0), key 입력: ['right', 'up']
[INFO] [14.226초 로그] 특이사항: 장애물 충돌, Ball pos: Vec2d(2496.9398200930736, 318.75), vel: Vec2d(0, 0), key 입력: ['up']
[INFO] [14.242초 로그] 특이사항: 장애물 충돌, Ball pos: Vec2d(2496.9398200930736, 318.75), vel: Vec2d(0, 0), key 입력: ['up']
[INFO] [14.258초 로그] 특이사항: 장애물 충돌, Ball pos: Vec2d(2496.9398200930736, 318.75), vel: Vec2d(0, 0), key 입력: ['up']
[INFO] [14.274초 로그] 특이사항: 장애물 충돌, Ball pos: Vec2d(2496.9398200930736, 318.75), vel: Vec2d(0, 0), key 입력: ['up']
[INFO] [14.290초 로그] 특이사항: 장애물 충돌, Ball pos: Vec2d(2496.9398200930736, 318.75), vel: Vec2d(0, 0), key 입력: ['up']
[INFO] [14.306초 로그] 특이사항: 장애물 충돌, Ball pos: Vec2d(2496.9398200930736, 318.75), vel: Vec2d(0, 0), key 입력: ['up']
[INFO] [14.322초 로그] 특이사항: 장애물 충돌, Ball pos: Vec2d(2496.9398200930736, 318.75), vel: Vec2d(0, 0), key 입력: ['up']
[INFO] [14.338초 로그] 특이사항: 장애물 충돌, Ball pos: Vec2d(2496.9398200930736, 318.75), vel: Vec2d(0, 0), key 입력: ['up']
[INFO] [14.354초 로그] 특이사항: 장애물 충돌, Ball pos: Vec2d(2496.9398200930736, 318.75), vel: Vec2d(0, 0), key 입력: ['up']
[INFO] [14.370초 로그] 특이사항: 장애물 충돌, Ball pos: Vec2d(2496.9398200930736, 318.75), vel: Vec2d(0, 0), key 입력: ['left', 'up']
[INFO] [14.386초 로그] 특이사항: 장애물 충돌, Ball pos: Vec2d(2496.9398200930736, 318.75), vel: Vec2d(0, 0), key 입력: ['left']
[INFO] [14.402초 로그] 특이사항: 장애물 충돌, Ball pos: Vec2d(2496.9398200930736, 318.75), vel: Vec2d(0, 0), key 입력: ['left']
[INFO] [14.418초 로그] 특이사항: 장애물 충돌, Ball pos: Vec2d(2496.9398200930736, 318.75), vel: Vec2d(0, 0), key 입력: ['left']
[INFO] [14.434초 로그] 특이사항: 장애물 충돌, Ball pos: Vec2d(2496.9398200930736, 318.75), vel: Vec2d(0, 0), key 입력: ['left']
[INFO] [14.451초 로그] 특이사항: 장애물 충돌, Ball pos: Vec2d(2496.9398200930736, 318.75), vel: Vec2d(0, 0), key 입력: ['left']
[INFO] [14.467초 로그] 특이사항: 장애물 충돌, Ball pos: Vec2d(2496.9398200930736, 318.75), vel: Vec2d(0, 0), key 입력: ['left']
[INFO] [14.483초 로그] 특이사항: 장애물 충돌, Ball pos: Vec2d(2496.9398200930736, 318.75), vel: Vec2d(0, 0), key 입력: ['left']
[INFO] [14.500초 로그] 특이사항: 장애물 충돌, Ball pos: Vec2d(2496.9398200930736, 318.75), vel: Vec2d(0, 0), key 입력: ['left']
[INFO] [14.516초 로그] 특이사항: 장애물 충돌, Ball pos: Vec2d(2496.9398200930736, 318.75), vel: Vec2d(0, 0), key 입력: ['left']
[INFO] [14.532초 로그] 특이사항: 장애물 충돌, Ball pos: Vec2d(2496.9398200930736, 318.75), vel: Vec2d(0, 0), key 입력: ['left']
[INFO] [14.549초 로그] 특이사항: 장애물 충돌, Ball pos: Vec2d(2496.9398200930736, 318.75), vel: Vec2d(0, 0), key 입력: ['left']
[INFO] [14.566초 로그] 특이사항: 장애물 충돌, Ball pos: Vec2d(2496.9398200930736, 318.75), vel: Vec2d(0, 0), key 입력: ['left']
[INFO] [14.583초 로그] 특이사항: 장애물 충돌, Ball pos: Vec2d(2496.9398200930736, 318.75), vel: Vec2d(0, 0), key 입력: ['left']
[INFO] [14.600초 로그] 특이사항: 장애물 충돌, Ball pos: Vec2d(2496.9398200930736, 318.75), vel: Vec2d(0, 0), key 입력: []
[INFO] [14.616초 로그] 특이사항: 장애물 충돌, Ball pos: Vec2d(2496.9398200930736, 318.75), vel: Vec2d(0, 0), key 입력: []
[INFO] [14.632초 로그] 특이사항: 장애물 충돌, Ball pos: Vec2d(2496.9398200930736, 318.75), vel: Vec2d(0, 0), key 입력: []
[INFO] [14.648초 로그] 특이사항: 장애물 충돌, Ball pos: Vec2d(2496.9398200930736, 318.75), vel: Vec2d(0, 0), key 입력: []
[INFO] [14.664초 로그] 특이사항: 장애물 충돌, Ball pos: Vec2d(2496.9398200930736, 318.75), vel: Vec2d(0, 0), key 입력: []
[INFO] [14.680초 로그] 특이사항: 장애물 충돌, Ball pos: Vec2d(2496.9398200930736, 318.75), vel: Vec2d(0, 0), key 입력: []
[INFO] [14.695초 로그] 특이사항: 장애물 충돌, Ball pos: Vec2d(2496.9398200930736, 318.75), vel: Vec2d(0, 0), key 입력: ['right']
[INFO] [14.712초 로그] 특이사항: 장애물 충돌, Ball pos: Vec2d(2496.9398200930736, 318.75), vel: Vec2d(0, 0), key 입력: ['right']
[INFO] [14.728초 로그] 특이사항: 장애물 충돌, Ball pos: Vec2d(2496.9398200930736, 318.75), vel: Vec2d(0, 0), key 입력: ['right']
[INFO] [14.744초 로그] 특이사항: 장애물 충돌, Ball pos: Vec2d(2496.9398200930736, 318.75), vel: Vec2d(0, 0), key 입력: ['right']
[INFO] [14.760초 로그] 특이사항: 장애물 충돌, Ball pos: Vec2d(2496.9398200930736, 318.75), vel: Vec2d(0, 0), key 입력: ['right']
[INFO] [14.777초 로그] 특이사항: 장애물 충돌, Ball pos: Vec2d(2496.9398200930736, 318.75), vel: Vec2d(0, 0), key 입력: ['right']
[INFO] [14.793초 로그] 특이사항: 장애물 충돌, Ball pos: Vec2d(2496.9398200930736, 318.75), vel: Vec2d(0, 0), key 입력: ['right']
[INFO] [14.810초 로그] 특이사항: 장애물 충돌, Ball pos: Vec2d(2496.9398200930736, 318.75), vel: Vec2d(0, 0), key 입력: ['right']
[INFO] [14.826초 로그] 특이사항: 장애물 충돌, Ball pos: Vec2d(2496.9398200930736, 318.75), vel: Vec2d(0, 0), key 입력: ['right']
[INFO] [14.842초 로그] 특이사항: 장애물 충돌, Ball pos: Vec2d(2496.9398200930736, 318.75), vel: Vec2d(0, 0), key 입력: ['right']
[INFO] [14.858초 로그] 특이사항: 장애물 충돌, Ball pos: Vec2d(2496.9398200930736, 318.75), vel: Vec2d(0, 0), key 입력: ['right']
[INFO] [14.874초 로그] 특이사항: 장애물 충돌, Ball pos: Vec2d(2496.9398200930736, 318.75), vel: Vec2d(0, 0), key 입력: ['right']
[INFO] [14.890초 로그] 특이사항: 장애물 충돌, Ball pos: Vec2d(2496.9398200930736, 318.75), vel: Vec2d(0, 0), key 입력: ['right']
[INFO] [14.906초 로그] 특이사항: 장애물 충돌, Ball pos: Vec2d(2496.9398200930736, 318.75), vel: Vec2d(0, 0), key 입력: ['right']
[INFO] [14.922초 로그] 특이사항: 장애물 충돌, Ball pos: Vec2d(2496.9398200930736, 318.75), vel: Vec2d(0, 0), key 입력: ['right']
[INFO] [14.938초 로그] 특이사항: 장애물 충돌, Ball pos: Vec2d(2496.9398200930736, 318.75), vel: Vec2d(0, 0), key 입력: ['right']
[INFO] [14.954초 로그] 특이사항: 장애물 충돌, Ball pos: Vec2d(2496.9398200930736, 318.75), vel: Vec2d(0, 0), key 입력: ['left', 'right']
[INFO] [14.970초 로그] 특이사항: 장애물 충돌, Ball pos: Vec2d(2496.9398200930736, 318.75), vel: Vec2d(0, 0), key 입력: ['left', 'right']
[INFO] [14.986초 로그] 특이사항: 장애물 충돌, Ball pos: Vec2d(2496.9398200930736, 318.75), vel: Vec2d(0, 0), key 입력: ['left']
[INFO] [15.002초 로그] 특이사항: 주기적 로그, Ball pos: Vec2d(2496.9398200930736, 318.75), vel: Vec2d(0, 0), key 입력: ['left']
[INFO] [15.000초 로그] 특이사항: 장애물 충돌, Ball pos: Vec2d(2496.9398200930736, 318.75), vel: Vec2d(0, 0), key 입력: ['left']
[INFO] [15.016초 로그] 특이사항: 장애물 충돌, Ball pos: Vec2d(2496.9398200930736, 318.75), vel: Vec2d(0, 0), key 입력: ['left']
[INFO] [15.032초 로그] 특이사항: 장애물 충돌, Ball pos: Vec2d(2496.9398200930736, 318.75), vel: Vec2d(0, 0), key 입력: ['left']
[INFO] [15.048초 로그] 특이사항: 장애물 충돌, Ball pos: Vec2d(2496.9398200930736, 318.75), vel: Vec2d(0, 0), key 입력: ['left']
[INFO] [15.064초 로그] 특이사항: 장애물 충돌, Ball pos: Vec2d(2496.9398200930736, 318.75), vel: Vec2d(0, 0), key 입력: ['left']
[INFO] [15.080초 로그] 특이사항: 장애물 충돌, Ball pos: Vec2d(2496.9398200930736, 318.75), vel: Vec2d(0, 0), key 입력: ['left', 'up']
[INFO] [15.096초 로그] 특이사항: 장애물 충돌, Ball pos: Vec2d(2496.9398200930736, 318.75), vel: Vec2d(0, 0), key 입력: ['left', 'up']
[INFO] [15.112초 로그] 특이사항: 장애물 충돌, Ball pos: Vec2d(2496.9398200930736, 318.75), vel: Vec2d(0, 0), key 입력: ['left', 'up']
[INFO] [15.128초 로그] 특이사항: 장애물 충돌, Ball pos: Vec2d(2496.9398200930736, 318.75), vel: Vec2d(0, 0), key 입력: ['left', 'up']
[INFO] [15.144초 로그] 특이사항: 장애물 충돌, Ball pos: Vec2d(2496.9398200930736, 318.75), vel: Vec2d(0, 0), key 입력: ['up']
[INFO] [15.160초 로그] 특이사항: 장애물 충돌, Ball pos: Vec2d(2496.9398200930736, 318.75), vel: Vec2d(0, 0), key 입력: ['up']
[INFO] [15.176초 로그] 특이사항: 장애물 충돌, Ball pos: Vec2d(2496.9398200930736, 318.75), vel: Vec2d(0, 0), key 입력: ['up']
[INFO] [15.192초 로그] 특이사항: 장애물 충돌, Ball pos: Vec2d(2496.9398200930736, 318.75), vel: Vec2d(0, 0), key 입력: ['up']
[INFO] [15.208초 로그] 특이사항: 장애물 충돌, Ball pos: Vec2d(2496.9398200930736, 318.75), vel: Vec2d(0, 0), key 입력: ['up']
[INFO] [15.224초 로그] 특이사항: 장애물 충돌, Ball pos: Vec2d(2496.9398200930736, 318.75), vel: Vec2d(0, 0), key 입력: ['right', 'up']
[INFO] [15.240초 로그] 특이사항: 장애물 충돌, Ball pos: Vec2d(2496.9398200930736, 318.75), vel: Vec2d(0, 0), key 입력: ['right', 'up']
[INFO] [15.256초 로그] 특이사항: 장애물 충돌, Ball pos: Vec2d(2496.9398200930736, 318.75), vel: Vec2d(0, 0), key 입력: ['right']
[INFO] [15.272초 로그] 특이사항: 장애물 충돌, Ball pos: Vec2d(2496.9398200930736, 318.75), vel: Vec2d(0, 0), key 입력: ['right']
[INFO] [15.288초 로그] 특이사항: 장애물 충돌, Ball pos: Vec2d(2496.9398200930736, 318.75), vel: Vec2d(0, 0), key 입력: ['right']
[INFO] [15.304초 로그] 특이사항: 장애물 충돌, Ball pos: Vec2d(2496.9398200930736, 318.75), vel: Vec2d(0, 0), key 입력: ['right']
[INFO] [15.320초 로그] 특이사항: 장애물 충돌, Ball pos: Vec2d(2496.9398200930736, 318.75), vel: Vec2d(0, 0), key 입력: ['right']
[INFO] [15.336초 로그] 특이사항: 장애물 충돌, Ball pos: Vec2d(2496.9398200930736, 318.75), vel: Vec2d(0, 0), key 입력: ['right']
[INFO] [15.352초 로그] 특이사항: 장애물 충돌, Ball pos: Vec2d(2496.9398200930736, 318.75), vel: Vec2d(0, 0), key 입력: ['right']
[INFO] [15.368초 로그] 특이사항: 장애물 충돌, Ball pos: Vec2d(2496.9398200930736, 318.75), vel: Vec2d(0, 0), key 입력: ['right']
[INFO] [15.384초 로그] 특이사항: 장애물 충돌, Ball pos: Vec2d(2496.9398200930736, 318.75), vel: Vec2d(0, 0), key 입력: ['right']
[INFO] [15.400초 로그] 특이사항: 장애물 충돌, Ball pos: Vec2d(2496.9398200930736, 318.75), vel: Vec2d(0, 0), key 입력: []
[INFO] [15.417초 로그] 특이사항: 장애물 충돌, Ball pos: Vec2d(2496.9398200930736, 318.75), vel: Vec2d(0, 0), key 입력: []
[INFO] [15.433초 로그] 특이사항: 장애물 충돌, Ball pos: Vec2d(2496.9398200930736, 318.75), vel: Vec2d(0, 0), key 입력: []
[INFO] [15.449초 로그] 특이사항: 장애물 충돌, Ball pos: Vec2d(2496.9398200930736, 318.75), vel: Vec2d(0, 0), key 입력: []
[INFO] [15.465초 로그] 특이사항: 장애물 충돌, Ball pos: Vec2d(2496.9398200930736, 318.75), vel: Vec2d(0, 0), key 입력: []
[INFO] [15.481초 로그] 특이사항: 장애물 충돌, Ball pos: Vec2d(2496.9398200930736, 318.75), vel: Vec2d(0, 0), key 입력: []
[INFO] [15.498초 로그] 특이사항: 장애물 충돌, Ball pos: Vec2d(2496.9398200930736, 318.75), vel: Vec2d(0, 0), key 입력: []
[INFO] [15.514초 로그] 특이사항: 장애물 충돌, Ball pos: Vec2d(2496.9398200930736, 318.75), vel: Vec2d(0, 0), key 입력: []
[INFO] [15.530초 로그] 특이사항: 장애물 충돌, Ball pos: Vec2d(2496.9398200930736, 318.75), vel: Vec2d(0, 0), key 입력: []
[INFO] [15.547초 로그] 특이사항: 장애물 충돌, Ball pos: Vec2d(2496.9398200930736, 318.75), vel: Vec2d(0, 0), key 입력: []
[INFO] [15.563초 로그] 특이사항: 장애물 충돌, Ball pos: Vec2d(2496.9398200930736, 318.75), vel: Vec2d(0, 0), key 입력: []
[INFO] [15.579초 로그] 특이사항: 장애물 충돌, Ball pos: Vec2d(2496.9398200930736, 318.75), vel: Vec2d(0, 0), key 입력: []
[INFO] [15.596초 로그] 특이사항: 장애물 충돌, Ball pos: Vec2d(2496.9398200930736, 318.75), vel: Vec2d(0, 0), key 입력: []
[INFO] [15.613초 로그] 특이사항: 장애물 충돌, Ball pos: Vec2d(2496.9398200930736, 318.75), vel: Vec2d(0, 0), key 입력: []
[INFO] [15.629초 로그] 특이사항: 장애물 충돌, Ball pos: Vec2d(2496.9398200930736, 318.75), vel: Vec2d(0, 0), key 입력: []
[INFO] [15.645초 로그] 특이사항: 장애물 충돌, Ball pos: Vec2d(2496.9398200930736, 318.75), vel: Vec2d(0, 0), key 입력: []
[INFO] [15.662초 로그] 특이사항: 장애물 충돌, Ball pos: Vec2d(2496.9398200930736, 318.75), vel: Vec2d(0, 0), key 입력: []
[INFO] [15.679초 로그] 특이사항: 장애물 충돌, Ball pos: Vec2d(2496.9398200930736, 318.75), vel: Vec2d(0, 0), key 입력: []
[INFO] [15.695초 로그] 특이사항: 장애물 충돌, Ball pos: Vec2d(2496.9398200930736, 318.75), vel: Vec2d(0, 0), key 입력: []
[INFO] [15.711초 로그] 특이사항: 장애물 충돌, Ball pos: Vec2d(2496.9398200930736, 318.75), vel: Vec2d(0, 0), key 입력: []
[INFO] [15.727초 로그] 특이사항: 장애물 충돌, Ball pos: Vec2d(2496.9398200930736, 318.75), vel: Vec2d(0, 0), key 입력: []
[INFO] [15.744초 로그] 특이사항: 장애물 충돌, Ball pos: Vec2d(2496.9398200930736, 318.75), vel: Vec2d(0, 0), key 입력: []
[INFO] [15.760초 로그] 특이사항: 장애물 충돌, Ball pos: Vec2d(2496.9398200930736, 318.75), vel: Vec2d(0, 0), key 입력: []
[INFO] [15.776초 로그] 특이사항: 장애물 충돌, Ball pos: Vec2d(2496.9398200930736, 318.75), vel: Vec2d(0, 0), key 입력: []
[INFO] [15.792초 로그] 특이사항: 장애물 충돌, Ball pos: Vec2d(2496.9398200930736, 318.75), vel: Vec2d(0, 0), key 입력: []
[INFO] [15.808초 로그] 특이사항: 장애물 충돌, Ball pos: Vec2d(2496.9398200930736, 318.75), vel: Vec2d(0, 0), key 입력: []
[INFO] [15.824초 로그] 특이사항: 장애물 충돌, Ball pos: Vec2d(2496.9398200930736, 318.75), vel: Vec2d(0, 0), key 입력: []
[INFO] [15.840초 로그] 특이사항: 장애물 충돌, Ball pos: Vec2d(2496.9398200930736, 318.75), vel: Vec2d(0, 0), key 입력: []
[INFO] [15.856초 로그] 특이사항: 장애물 충돌, Ball pos: Vec2d(2496.9398200930736, 318.75), vel: Vec2d(0, 0), key 입력: []
[INFO] [15.872초 로그] 특이사항: 장애물 충돌, Ball pos: Vec2d(2496.9398200930736, 318.75), vel: Vec2d(0, 0), key 입력: []
[INFO] [15.889초 로그] 특이사항: 장애물 충돌, Ball pos: Vec2d(2496.9398200930736, 318.75), vel: Vec2d(0, 0), key 입력: []
[INFO] [15.905초 로그] 특이사항: 장애물 충돌, Ball pos: Vec2d(2496.9398200930736, 318.75), vel: Vec2d(0, 0), key 입력: []
[INFO] [15.921초 로그] 특이사항: 장애물 충돌, Ball pos: Vec2d(2496.9398200930736, 318.75), vel: Vec2d(0, 0), key 입력: []
[INFO] [15.937초 로그] 특이사항: 장애물 충돌, Ball pos: Vec2d(2496.9398200930736, 318.75), vel: Vec2d(0, 0), key 입력: []
[INFO] [15.953초 로그] 특이사항: 장애물 충돌, Ball pos: Vec2d(2496.9398200930736, 318.75), vel: Vec2d(0, 0), key 입력: []
[INFO] [15.969초 로그] 특이사항: 장애물 충돌, Ball pos: Vec2d(2496.9398200930736, 318.75), vel: Vec2d(0, 0), key 입력: []
[INFO] [15.985초 로그] 특이사항: 장애물 충돌, Ball pos: Vec2d(2496.9398200930736, 318.75), vel: Vec2d(0, 0), key 입력: []
[INFO] [16.002초 로그] 특이사항: 주기적 로그, Ball pos: Vec2d(2496.9398200930736, 318.75), vel: Vec2d(0, 0), key 입력: []
[INFO] [16.000초 로그] 특이사항: 장애물 충돌, Ball pos: Vec2d(2496.9398200930736, 318.75), vel: Vec2d(0, 0), key 입력: []
[INFO] [16.016초 로그] 특이사항: 장애물 충돌, Ball pos: Vec2d(2496.9398200930736, 318.75), vel: Vec2d(0, 0), key 입력: []
[INFO] [16.032초 로그] 특이사항: 장애물 충돌, Ball pos: Vec2d(2496.9398200930736, 318.75), vel: Vec2d(0, 0), key 입력: []
[INFO] [16.048초 로그] 특이사항: 장애물 충돌, Ball pos: Vec2d(2496.9398200930736, 318.75), vel: Vec2d(0, 0), key 입력: []
[INFO] [16.064초 로그] 특이사항: 장애물 충돌, Ball pos: Vec2d(2496.9398200930736, 318.75), vel: Vec2d(0, 0), key 입력: []
[INFO] [16.081초 로그] 특이사항: 장애물 충돌, Ball pos: Vec2d(2496.9398200930736, 318.75), vel: Vec2d(0, 0), key 입력: []
[INFO] [16.097초 로그] 특이사항: 장애물 충돌, Ball pos: Vec2d(2496.9398200930736, 318.75), vel: Vec2d(0, 0), key 입력: []
[INFO] [16.114초 로그] 특이사항: 장애물 충돌, Ball pos: Vec2d(2496.9398200930736, 318.75), vel: Vec2d(0, 0), key 입력: []
[INFO] [16.130초 로그] 특이사항: 장애물 충돌, Ball pos: Vec2d(2496.9398200930736, 318.75), vel: Vec2d(0, 0), key 입력: []
[INFO] [16.146초 로그] 특이사항: 장애물 충돌, Ball pos: Vec2d(2496.9398200930736, 318.75), vel: Vec2d(0, 0), key 입력: ['right']
[INFO] [16.162초 로그] 특이사항: 장애물 충돌, Ball pos: Vec2d(2496.9398200930736, 318.75), vel: Vec2d(0, 0), key 입력: ['right']
[INFO] [16.178초 로그] 특이사항: 장애물 충돌, Ball pos: Vec2d(2496.9398200930736, 318.75), vel: Vec2d(0, 0), key 입력: ['right']
[INFO] [16.194초 로그] 특이사항: 장애물 충돌, Ball pos: Vec2d(2496.9398200930736, 318.75), vel: Vec2d(0, 0), key 입력: ['right']
[INFO] [16.211초 로그] 특이사항: 장애물 충돌, Ball pos: Vec2d(2496.9398200930736, 318.75), vel: Vec2d(0, 0), key 입력: ['right']
[INFO] [16.227초 로그] 특이사항: 장애물 충돌, Ball pos: Vec2d(2496.9398200930736, 318.75), vel: Vec2d(0, 0), key 입력: ['right']
[INFO] [16.243초 로그] 특이사항: 장애물 충돌, Ball pos: Vec2d(2496.9398200930736, 318.75), vel: Vec2d(0, 0), key 입력: ['right']
[INFO] [16.259초 로그] 특이사항: 장애물 충돌, Ball pos: Vec2d(2496.9398200930736, 318.75), vel: Vec2d(0, 0), key 입력: ['right']
[INFO] [16.276초 로그] 특이사항: 장애물 충돌, Ball pos: Vec2d(2496.9398200930736, 318.75), vel: Vec2d(0, 0), key 입력: ['right']
[INFO] [16.292초 로그] 특이사항: 장애물 충돌, Ball pos: Vec2d(2496.9398200930736, 318.75), vel: Vec2d(0, 0), key 입력: ['right']
[INFO] [16.308초 로그] 특이사항: 장애물 충돌, Ball pos: Vec2d(2496.9398200930736, 318.75), vel: Vec2d(0, 0), key 입력: ['right']
[INFO] [16.324초 로그] 특이사항: 장애물 충돌, Ball pos: Vec2d(2496.9398200930736, 318.75), vel: Vec2d(0, 0), key 입력: ['left', 'right']
[INFO] [16.341초 로그] 특이사항: 장애물 충돌, Ball pos: Vec2d(2496.9398200930736, 318.75), vel: Vec2d(0, 0), key 입력: ['left', 'right']
[INFO] [16.357초 로그] 특이사항: 장애물 충돌, Ball pos: Vec2d(2496.9398200930736, 318.75), vel: Vec2d(0, 0), key 입력: ['left', 'right']
[INFO] [16.373초 로그] 특이사항: 장애물 충돌, Ball pos: Vec2d(2496.9398200930736, 318.75), vel: Vec2d(0, 0), key 입력: ['left']
[INFO] [16.389초 로그] 특이사항: 장애물 충돌, Ball pos: Vec2d(2496.9398200930736, 318.75), vel: Vec2d(0, 0), key 입력: ['left']
[INFO] [16.405초 로그] 특이사항: 장애물 충돌, Ball pos: Vec2d(2496.9398200930736, 318.75), vel: Vec2d(0, 0), key 입력: ['left']
[INFO] [16.421초 로그] 특이사항: 장애물 충돌, Ball pos: Vec2d(2496.9398200930736, 318.75), vel: Vec2d(0, 0), key 입력: ['left']
[INFO] [16.438초 로그] 특이사항: 장애물 충돌, Ball pos: Vec2d(2496.9398200930736, 318.75), vel: Vec2d(0, 0), key 입력: ['left']
[INFO] [16.454초 로그] 특이사항: 장애물 충돌, Ball pos: Vec2d(2496.9398200930736, 318.75), vel: Vec2d(0, 0), key 입력: ['left']
[INFO] [16.470초 로그] 특이사항: 장애물 충돌, Ball pos: Vec2d(2496.9398200930736, 318.75), vel: Vec2d(0, 0), key 입력: ['left']
[INFO] [16.487초 로그] 특이사항: 장애물 충돌, Ball pos: Vec2d(2496.9398200930736, 318.75), vel: Vec2d(0, 0), key 입력: ['left']
[INFO] [16.503초 로그] 특이사항: 장애물 충돌, Ball pos: Vec2d(2496.9398200930736, 318.75), vel: Vec2d(0, 0), key 입력: ['left']
[INFO] [16.520초 로그] 특이사항: 장애물 충돌, Ball pos: Vec2d(2496.9398200930736, 318.75), vel: Vec2d(0, 0), key 입력: ['left']
[INFO] [16.536초 로그] 특이사항: 장애물 충돌, Ball pos: Vec2d(2496.9398200930736, 318.75), vel: Vec2d(0, 0), key 입력: []
[INFO] [16.552초 로그] 특이사항: 장애물 충돌, Ball pos: Vec2d(2496.9398200930736, 318.75), vel: Vec2d(0, 0), key 입력: []
[INFO] [16.568초 로그] 특이사항: 장애물 충돌, Ball pos: Vec2d(2496.9398200930736, 318.75), vel: Vec2d(0, 0), key 입력: []
[INFO] [16.584초 로그] 특이사항: 장애물 충돌, Ball pos: Vec2d(2496.9398200930736, 318.75), vel: Vec2d(0, 0), key 입력: []
[INFO] [16.600초 로그] 특이사항: 장애물 충돌, Ball pos: Vec2d(2496.9398200930736, 318.75), vel: Vec2d(0, 0), key 입력: []
[INFO] [16.616초 로그] 특이사항: 장애물 충돌, Ball pos: Vec2d(2496.9398200930736, 318.75), vel: Vec2d(0, 0), key 입력: ['left']
[INFO] [16.632초 로그] 특이사항: 장애물 충돌, Ball pos: Vec2d(2496.9398200930736, 318.75), vel: Vec2d(0, 0), key 입력: ['left']
[INFO] [16.649초 로그] 특이사항: 장애물 충돌, Ball pos: Vec2d(2496.9398200930736, 318.75), vel: Vec2d(0, 0), key 입력: ['left']
[INFO] [16.665초 로그] 특이사항: 장애물 충돌, Ball pos: Vec2d(2496.9398200930736, 318.75), vel: Vec2d(0, 0), key 입력: ['left']
[INFO] [16.681초 로그] 특이사항: 장애물 충돌, Ball pos: Vec2d(2496.9398200930736, 318.75), vel: Vec2d(0, 0), key 입력: ['left']
[INFO] [16.697초 로그] 특이사항: 장애물 충돌, Ball pos: Vec2d(2496.9398200930736, 318.75), vel: Vec2d(0, 0), key 입력: ['left', 'up']
[INFO] [16.713초 로그] 특이사항: 장애물 충돌, Ball pos: Vec2d(2496.9398200930736, 318.75), vel: Vec2d(0, 0), key 입력: ['left', 'up']
[INFO] [16.729초 로그] 특이사항: 장애물 충돌, Ball pos: Vec2d(2496.9398200930736, 318.75), vel: Vec2d(0, 0), key 입력: ['left', 'up']
[INFO] [16.745초 로그] 특이사항: 장애물 충돌, Ball pos: Vec2d(2496.9398200930736, 318.75), vel: Vec2d(0, 0), key 입력: ['left', 'up']
[INFO] [16.761초 로그] 특이사항: 장애물 충돌, Ball pos: Vec2d(2496.9398200930736, 318.75), vel: Vec2d(0, 0), key 입력: ['up']
[INFO] [16.777초 로그] 특이사항: 장애물 충돌, Ball pos: Vec2d(2496.9398200930736, 318.75), vel: Vec2d(0, 0), key 입력: ['up']
[INFO] [16.793초 로그] 특이사항: 장애물 충돌, Ball pos: Vec2d(2496.9398200930736, 318.75), vel: Vec2d(0, 0), key 입력: ['up']
[INFO] [16.809초 로그] 특이사항: 장애물 충돌, Ball pos: Vec2d(2496.9398200930736, 318.75), vel: Vec2d(0, 0), key 입력: ['up']
[INFO] [16.826초 로그] 특이사항: 장애물 충돌, Ball pos: Vec2d(2496.9398200930736, 318.75), vel: Vec2d(0, 0), key 입력: ['right', 'up']
[INFO] [16.843초 로그] 특이사항: 장애물 충돌, Ball pos: Vec2d(2496.9398200930736, 318.75), vel: Vec2d(0, 0), key 입력: ['right', 'up']
[INFO] [16.859초 로그] 특이사항: 장애물 충돌, Ball pos: Vec2d(2496.9398200930736, 318.75), vel: Vec2d(0, 0), key 입력: ['right', 'up']
[INFO] [16.875초 로그] 특이사항: 장애물 충돌, Ball pos: Vec2d(2496.9398200930736, 318.75), vel: Vec2d(0, 0), key 입력: ['right']
[INFO] [16.891초 로그] 특이사항: 장애물 충돌, Ball pos: Vec2d(2496.9398200930736, 318.75), vel: Vec2d(0, 0), key 입력: ['right']
[INFO] [16.907초 로그] 특이사항: 장애물 충돌, Ball pos: Vec2d(2496.9398200930736, 318.75), vel: Vec2d(0, 0), key 입력: ['right']
[INFO] [16.924초 로그] 특이사항: 장애물 충돌, Ball pos: Vec2d(2496.9398200930736, 318.75), vel: Vec2d(0, 0), key 입력: ['right']
[INFO] [16.940초 로그] 특이사항: 장애물 충돌, Ball pos: Vec2d(2496.9398200930736, 318.75), vel: Vec2d(0, 0), key 입력: ['right']
[INFO] [16.956초 로그] 특이사항: 장애물 충돌, Ball pos: Vec2d(2496.9398200930736, 318.75), vel: Vec2d(0, 0), key 입력: ['right']
[INFO] [16.973초 로그] 특이사항: 장애물 충돌, Ball pos: Vec2d(2496.9398200930736, 318.75), vel: Vec2d(0, 0), key 입력: ['right']
[INFO] [16.989초 로그] 특이사항: 장애물 충돌, Ball pos: Vec2d(2496.9398200930736, 318.75), vel: Vec2d(0, 0), key 입력: ['right']
[INFO] [17.005초 로그] 특이사항: 주기적 로그, Ball pos: Vec2d(2496.9398200930736, 318.75), vel: Vec2d(0, 0), key 입력: ['right']
[INFO] [17.000초 로그] 특이사항: 장애물 충돌, Ball pos: Vec2d(2496.9398200930736, 318.75), vel: Vec2d(0, 0), key 입력: ['right']
[INFO] [17.016초 로그] 특이사항: 장애물 충돌, Ball pos: Vec2d(2496.9398200930736, 318.75), vel: Vec2d(0, 0), key 입력: ['right']
[INFO] [17.032초 로그] 특이사항: 장애물 충돌, Ball pos: Vec2d(2496.9398200930736, 318.75), vel: Vec2d(0, 0), key 입력: ['right']
[INFO] [17.049초 로그] 특이사항: 장애물 충돌, Ball pos: Vec2d(2496.9398200930736, 318.75), vel: Vec2d(0, 0), key 입력: ['right']
[INFO] [17.065초 로그] 특이사항: 장애물 충돌, Ball pos: Vec2d(2496.9398200930736, 318.75), vel: Vec2d(0, 0), key 입력: []
[INFO] [17.081초 로그] 특이사항: 장애물 충돌, Ball pos: Vec2d(2496.9398200930736, 318.75), vel: Vec2d(0, 0), key 입력: []
[INFO] [17.097초 로그] 특이사항: 장애물 충돌, Ball pos: Vec2d(2496.9398200930736, 318.75), vel: Vec2d(0, 0), key 입력: []
[INFO] [17.113초 로그] 특이사항: 장애물 충돌, Ball pos: Vec2d(2496.9398200930736, 318.75), vel: Vec2d(0, 0), key 입력: ['left']
[INFO] [17.129초 로그] 특이사항: 장애물 충돌, Ball pos: Vec2d(2496.9398200930736, 318.75), vel: Vec2d(0, 0), key 입력: ['left']
[INFO] [17.145초 로그] 특이사항: 장애물 충돌, Ball pos: Vec2d(2496.9398200930736, 318.75), vel: Vec2d(0, 0), key 입력: ['left']
[INFO] [17.161초 로그] 특이사항: 장애물 충돌, Ball pos: Vec2d(2496.9398200930736, 318.75), vel: Vec2d(0, 0), key 입력: ['left']
[INFO] [17.178초 로그] 특이사항: 장애물 충돌, Ball pos: Vec2d(2496.9398200930736, 318.75), vel: Vec2d(0, 0), key 입력: ['left']
[INFO] [17.194초 로그] 특이사항: 장애물 충돌, Ball pos: Vec2d(2496.9398200930736, 318.75), vel: Vec2d(0, 0), key 입력: ['left']
[INFO] [17.210초 로그] 특이사항: 장애물 충돌, Ball pos: Vec2d(2496.9398200930736, 318.75), vel: Vec2d(0, 0), key 입력: ['left']
[INFO] [17.226초 로그] 특이사항: 장애물 충돌, Ball pos: Vec2d(2496.9398200930736, 318.75), vel: Vec2d(0, 0), key 입력: ['left']
[INFO] [17.242초 로그] 특이사항: 장애물 충돌, Ball pos: Vec2d(2496.9398200930736, 318.75), vel: Vec2d(0, 0), key 입력: ['left', 'up']
[INFO] [17.259초 로그] 특이사항: 장애물 충돌, Ball pos: Vec2d(2496.9398200930736, 318.75), vel: Vec2d(0, 0), key 입력: ['left', 'up']
[INFO] [17.275초 로그] 특이사항: 장애물 충돌, Ball pos: Vec2d(2496.9398200930736, 318.75), vel: Vec2d(0, 0), key 입력: ['left', 'up']
[INFO] [17.291초 로그] 특이사항: 장애물 충돌, Ball pos: Vec2d(2496.9398200930736, 318.75), vel: Vec2d(0, 0), key 입력: ['left', 'up']
[INFO] [17.307초 로그] 특이사항: 장애물 충돌, Ball pos: Vec2d(2496.9398200930736, 318.75), vel: Vec2d(0, 0), key 입력: ['left', 'up']
[INFO] [17.323초 로그] 특이사항: 장애물 충돌, Ball pos: Vec2d(2496.9398200930736, 318.75), vel: Vec2d(0, 0), key 입력: ['left', 'up']
[INFO] [17.340초 로그] 특이사항: 장애물 충돌, Ball pos: Vec2d(2496.9398200930736, 318.75), vel: Vec2d(0, 0), key 입력: ['left', 'up']
[INFO] [17.356초 로그] 특이사항: 장애물 충돌, Ball pos: Vec2d(2496.9398200930736, 318.75), vel: Vec2d(0, 0), key 입력: ['left', 'up']
[INFO] [17.373초 로그] 특이사항: 장애물 충돌, Ball pos: Vec2d(2496.9398200930736, 318.75), vel: Vec2d(0, 0), key 입력: ['left', 'up']
[INFO] [17.389초 로그] 특이사항: 장애물 충돌, Ball pos: Vec2d(2496.9398200930736, 318.75), vel: Vec2d(0, 0), key 입력: ['left', 'up']
[INFO] [17.405초 로그] 특이사항: 장애물 충돌, Ball pos: Vec2d(2496.9398200930736, 318.75), vel: Vec2d(0, 0), key 입력: ['left', 'up']
[INFO] [17.421초 로그] 특이사항: 장애물 충돌, Ball pos: Vec2d(2496.9398200930736, 318.75), vel: Vec2d(0, 0), key 입력: ['left', 'up']
[INFO] [17.437초 로그] 특이사항: 장애물 충돌, Ball pos: Vec2d(2496.9398200930736, 318.75), vel: Vec2d(0, 0), key 입력: ['left']
[INFO] [17.454초 로그] 특이사항: 장애물 충돌, Ball pos: Vec2d(2496.9398200930736, 318.75), vel: Vec2d(0, 0), key 입력: ['left']
[INFO] [17.470초 로그] 특이사항: 장애물 충돌, Ball pos: Vec2d(2496.9398200930736, 318.75), vel: Vec2d(0, 0), key 입력: []
[INFO] [17.487초 로그] 특이사항: 장애물 충돌, Ball pos: Vec2d(2496.9398200930736, 318.75), vel: Vec2d(0, 0), key 입력: []
[INFO] [17.503초 로그] 특이사항: 장애물 충돌, Ball pos: Vec2d(2496.9398200930736, 318.75), vel: Vec2d(0, 0), key 입력: []
[INFO] [17.519초 로그] 특이사항: 장애물 충돌, Ball pos: Vec2d(2496.9398200930736, 318.75), vel: Vec2d(0, 0), key 입력: []
[INFO] [17.536초 로그] 특이사항: 장애물 충돌, Ball pos: Vec2d(2496.9398200930736, 318.75), vel: Vec2d(0, 0), key 입력: []
[INFO] [17.552초 로그] 특이사항: 장애물 충돌, Ball pos: Vec2d(2496.9398200930736, 318.75), vel: Vec2d(0, 0), key 입력: []
[INFO] [17.568초 로그] 특이사항: 장애물 충돌, Ball pos: Vec2d(2496.9398200930736, 318.75), vel: Vec2d(0, 0), key 입력: []
[INFO] [17.584초 로그] 특이사항: 장애물 충돌, Ball pos: Vec2d(2496.9398200930736, 318.75), vel: Vec2d(0, 0), key 입력: ['left']
[INFO] [17.600초 로그] 특이사항: 장애물 충돌, Ball pos: Vec2d(2496.9398200930736, 318.75), vel: Vec2d(0, 0), key 입력: ['left']
[INFO] [17.616초 로그] 특이사항: 장애물 충돌, Ball pos: Vec2d(2496.9398200930736, 318.75), vel: Vec2d(0, 0), key 입력: ['left']
[INFO] [17.632초 로그] 특이사항: 장애물 충돌, Ball pos: Vec2d(2496.9398200930736, 318.75), vel: Vec2d(0, 0), key 입력: ['left']
[INFO] [17.648초 로그] 특이사항: 장애물 충돌, Ball pos: Vec2d(2496.9398200930736, 318.75), vel: Vec2d(0, 0), key 입력: ['left']
[INFO] [17.664초 로그] 특이사항: 장애물 충돌, Ball pos: Vec2d(2496.9398200930736, 318.75), vel: Vec2d(0, 0), key 입력: ['left']
[INFO] [17.680초 로그] 특이사항: 장애물 충돌, Ball pos: Vec2d(2496.9398200930736, 318.75), vel: Vec2d(0, 0), key 입력: ['left']
[INFO] [17.695초 로그] 특이사항: 장애물 충돌, Ball pos: Vec2d(2496.9398200930736, 318.75), vel: Vec2d(0, 0), key 입력: []
[INFO] [17.711초 로그] 특이사항: 장애물 충돌, Ball pos: Vec2d(2496.9398200930736, 318.75), vel: Vec2d(0, 0), key 입력: []
[INFO] [17.728초 로그] 특이사항: 장애물 충돌, Ball pos: Vec2d(2496.9398200930736, 318.75), vel: Vec2d(0, 0), key 입력: []
[INFO] [17.744초 로그] 특이사항: 장애물 충돌, Ball pos: Vec2d(2496.9398200930736, 318.75), vel: Vec2d(0, 0), key 입력: []
[INFO] [17.760초 로그] 특이사항: 장애물 충돌, Ball pos: Vec2d(2496.9398200930736, 318.75), vel: Vec2d(0, 0), key 입력: []
[INFO] [17.776초 로그] 특이사항: 장애물 충돌, Ball pos: Vec2d(2496.9398200930736, 318.75), vel: Vec2d(0, 0), key 입력: ['left']
[INFO] [17.792초 로그] 특이사항: 장애물 충돌, Ball pos: Vec2d(2496.9398200930736, 318.75), vel: Vec2d(0, 0), key 입력: ['left']
[INFO] [17.808초 로그] 특이사항: 장애물 충돌, Ball pos: Vec2d(2496.9398200930736, 318.75), vel: Vec2d(0, 0), key 입력: ['left']
[INFO] [17.824초 로그] 특이사항: 장애물 충돌, Ball pos: Vec2d(2496.9398200930736, 318.75), vel: Vec2d(0, 0), key 입력: ['left']
[INFO] [17.840초 로그] 특이사항: 장애물 충돌, Ball pos: Vec2d(2496.9398200930736, 318.75), vel: Vec2d(0, 0), key 입력: ['left']
[INFO] [17.856초 로그] 특이사항: 장애물 충돌, Ball pos: Vec2d(2496.9398200930736, 318.75), vel: Vec2d(0, 0), key 입력: ['left']
[INFO] [17.872초 로그] 특이사항: 장애물 충돌, Ball pos: Vec2d(2496.9398200930736, 318.75), vel: Vec2d(0, 0), key 입력: []
[INFO] [17.888초 로그] 특이사항: 장애물 충돌, Ball pos: Vec2d(2496.9398200930736, 318.75), vel: Vec2d(0, 0), key 입력: []
[INFO] [17.905초 로그] 특이사항: 장애물 충돌, Ball pos: Vec2d(2496.9398200930736, 318.75), vel: Vec2d(0, 0), key 입력: []
[INFO] [17.921초 로그] 특이사항: 장애물 충돌, Ball pos: Vec2d(2496.9398200930736, 318.75), vel: Vec2d(0, 0), key 입력: []
[INFO] [17.937초 로그] 특이사항: 장애물 충돌, Ball pos: Vec2d(2496.9398200930736, 318.75), vel: Vec2d(0, 0), key 입력: ['left']
[INFO] [17.953초 로그] 특이사항: 장애물 충돌, Ball pos: Vec2d(2496.9398200930736, 318.75), vel: Vec2d(0, 0), key 입력: ['left']
[INFO] [17.970초 로그] 특이사항: 장애물 충돌, Ball pos: Vec2d(2496.9398200930736, 318.75), vel: Vec2d(0, 0), key 입력: ['left']
[INFO] [17.986초 로그] 특이사항: 장애물 충돌, Ball pos: Vec2d(2496.9398200930736, 318.75), vel: Vec2d(0, 0), key 입력: ['left', 'right']
[INFO] [18.003초 로그] 특이사항: 주기적 로그, Ball pos: Vec2d(2496.9398200930736, 318.75), vel: Vec2d(0, 0), key 입력: ['left', 'right']
[INFO] [18.000초 로그] 특이사항: 장애물 충돌, Ball pos: Vec2d(2496.9398200930736, 318.75), vel: Vec2d(0, 0), key 입력: ['left', 'right']
[INFO] [18.016초 로그] 특이사항: 장애물 충돌, Ball pos: Vec2d(2496.9398200930736, 318.75), vel: Vec2d(0, 0), key 입력: ['left', 'right']
[INFO] [18.032초 로그] 특이사항: 장애물 충돌, Ball pos: Vec2d(2496.9398200930736, 318.75), vel: Vec2d(0, 0), key 입력: ['right']
[INFO] [18.048초 로그] 특이사항: 장애물 충돌, Ball pos: Vec2d(2496.9398200930736, 318.75), vel: Vec2d(0, 0), key 입력: ['right']
[INFO] [18.064초 로그] 특이사항: 장애물 충돌, Ball pos: Vec2d(2496.9398200930736, 318.75), vel: Vec2d(0, 0), key 입력: ['right']
[INFO] [18.081초 로그] 특이사항: 장애물 충돌, Ball pos: Vec2d(2496.9398200930736, 318.75), vel: Vec2d(0, 0), key 입력: ['right']
[INFO] [18.097초 로그] 특이사항: 장애물 충돌, Ball pos: Vec2d(2496.9398200930736, 318.75), vel: Vec2d(0, 0), key 입력: ['right']
[INFO] [18.113초 로그] 특이사항: 장애물 충돌, Ball pos: Vec2d(2496.9398200930736, 318.75), vel: Vec2d(0, 0), key 입력: []
[INFO] [18.129초 로그] 특이사항: 장애물 충돌, Ball pos: Vec2d(2496.9398200930736, 318.75), vel: Vec2d(0, 0), key 입력: ['left']
[INFO] [18.146초 로그] 특이사항: 장애물 충돌, Ball pos: Vec2d(2496.9398200930736, 318.75), vel: Vec2d(0, 0), key 입력: ['left']
[INFO] [18.163초 로그] 특이사항: 장애물 충돌, Ball pos: Vec2d(2496.9398200930736, 318.75), vel: Vec2d(0, 0), key 입력: ['left']
[INFO] [18.180초 로그] 특이사항: 장애물 충돌, Ball pos: Vec2d(2496.9398200930736, 318.75), vel: Vec2d(0, 0), key 입력: ['left']
[INFO] [18.197초 로그] 특이사항: 장애물 충돌, Ball pos: Vec2d(2496.9398200930736, 318.75), vel: Vec2d(0, 0), key 입력: ['left', 'right']
[INFO] [18.214초 로그] 특이사항: 장애물 충돌, Ball pos: Vec2d(2496.9398200930736, 318.75), vel: Vec2d(0, 0), key 입력: ['right']
[INFO] [18.230초 로그] 특이사항: 장애물 충돌, Ball pos: Vec2d(2496.9398200930736, 318.75), vel: Vec2d(0, 0), key 입력: ['right']
[INFO] [18.246초 로그] 특이사항: 장애물 충돌, Ball pos: Vec2d(2496.9398200930736, 318.75), vel: Vec2d(0, 0), key 입력: ['right']
[INFO] [18.262초 로그] 특이사항: 장애물 충돌, Ball pos: Vec2d(2496.9398200930736, 318.75), vel: Vec2d(0, 0), key 입력: ['right']
[INFO] [18.278초 로그] 특이사항: 장애물 충돌, Ball pos: Vec2d(2496.9398200930736, 318.75), vel: Vec2d(0, 0), key 입력: ['right']
[INFO] [18.294초 로그] 특이사항: 장애물 충돌, Ball pos: Vec2d(2496.9398200930736, 318.75), vel: Vec2d(0, 0), key 입력: []
[INFO] [18.310초 로그] 특이사항: 장애물 충돌, Ball pos: Vec2d(2496.9398200930736, 318.75), vel: Vec2d(0, 0), key 입력: ['left']
[INFO] [18.326초 로그] 특이사항: 장애물 충돌, Ball pos: Vec2d(2496.9398200930736, 318.75), vel: Vec2d(0, 0), key 입력: ['left']
[INFO] [18.342초 로그] 특이사항: 장애물 충돌, Ball pos: Vec2d(2496.9398200930736, 318.75), vel: Vec2d(0, 0), key 입력: ['left']
[INFO] [18.358초 로그] 특이사항: 장애물 충돌, Ball pos: Vec2d(2496.9398200930736, 318.75), vel: Vec2d(0, 0), key 입력: ['left']
[INFO] [18.374초 로그] 특이사항: 장애물 충돌, Ball pos: Vec2d(2496.9398200930736, 318.75), vel: Vec2d(0, 0), key 입력: ['left']
[INFO] [18.390초 로그] 특이사항: 장애물 충돌, Ball pos: Vec2d(2496.9398200930736, 318.75), vel: Vec2d(0, 0), key 입력: ['left', 'right']
[INFO] [18.406초 로그] 특이사항: 장애물 충돌, Ball pos: Vec2d(2496.9398200930736, 318.75), vel: Vec2d(0, 0), key 입력: ['right']
[INFO] [18.422초 로그] 특이사항: 장애물 충돌, Ball pos: Vec2d(2496.9398200930736, 318.75), vel: Vec2d(0, 0), key 입력: ['right']
[INFO] [18.438초 로그] 특이사항: 장애물 충돌, Ball pos: Vec2d(2496.9398200930736, 318.75), vel: Vec2d(0, 0), key 입력: ['right']
[INFO] [18.455초 로그] 특이사항: 장애물 충돌, Ball pos: Vec2d(2496.9398200930736, 318.75), vel: Vec2d(0, 0), key 입력: ['right']
[INFO] [18.471초 로그] 특이사항: 장애물 충돌, Ball pos: Vec2d(2496.9398200930736, 318.75), vel: Vec2d(0, 0), key 입력: ['right']
[INFO] [18.488초 로그] 특이사항: 장애물 충돌, Ball pos: Vec2d(2496.9398200930736, 318.75), vel: Vec2d(0, 0), key 입력: ['left', 'right']
[INFO] [18.504초 로그] 특이사항: 장애물 충돌, Ball pos: Vec2d(2496.9398200930736, 318.75), vel: Vec2d(0, 0), key 입력: ['left']
[INFO] [18.521초 로그] 특이사항: 장애물 충돌, Ball pos: Vec2d(2496.9398200930736, 318.75), vel: Vec2d(0, 0), key 입력: ['left']
[INFO] [18.538초 로그] 특이사항: 장애물 충돌, Ball pos: Vec2d(2496.9398200930736, 318.75), vel: Vec2d(0, 0), key 입력: ['left']
[INFO] [18.554초 로그] 특이사항: 장애물 충돌, Ball pos: Vec2d(2496.9398200930736, 318.75), vel: Vec2d(0, 0), key 입력: ['left']
[INFO] [18.570초 로그] 특이사항: 장애물 충돌, Ball pos: Vec2d(2496.9398200930736, 318.75), vel: Vec2d(0, 0), key 입력: ['left', 'right']
[INFO] [18.586초 로그] 특이사항: 장애물 충돌, Ball pos: Vec2d(2496.9398200930736, 318.75), vel: Vec2d(0, 0), key 입력: ['left', 'right']
[INFO] [18.602초 로그] 특이사항: 장애물 충돌, Ball pos: Vec2d(2496.9398200930736, 318.75), vel: Vec2d(0, 0), key 입력: ['right']
[INFO] [18.618초 로그] 특이사항: 장애물 충돌, Ball pos: Vec2d(2496.9398200930736, 318.75), vel: Vec2d(0, 0), key 입력: ['right']
[INFO] [18.635초 로그] 특이사항: 장애물 충돌, Ball pos: Vec2d(2496.9398200930736, 318.75), vel: Vec2d(0, 0), key 입력: ['right']
[INFO] [18.651초 로그] 특이사항: 장애물 충돌, Ball pos: Vec2d(2496.9398200930736, 318.75), vel: Vec2d(0, 0), key 입력: ['right']
[INFO] [18.667초 로그] 특이사항: 장애물 충돌, Ball pos: Vec2d(2496.9398200930736, 318.75), vel: Vec2d(0, 0), key 입력: ['left']
[INFO] [18.683초 로그] 특이사항: 장애물 충돌, Ball pos: Vec2d(2496.9398200930736, 318.75), vel: Vec2d(0, 0), key 입력: ['left']
[INFO] [18.699초 로그] 특이사항: 장애물 충돌, Ball pos: Vec2d(2496.9398200930736, 318.75), vel: Vec2d(0, 0), key 입력: ['left']
[INFO] [18.715초 로그] 특이사항: 장애물 충돌, Ball pos: Vec2d(2496.9398200930736, 318.75), vel: Vec2d(0, 0), key 입력: ['left']
[INFO] [18.731초 로그] 특이사항: 장애물 충돌, Ball pos: Vec2d(2496.9398200930736, 318.75), vel: Vec2d(0, 0), key 입력: ['left']
[INFO] [18.747초 로그] 특이사항: 장애물 충돌, Ball pos: Vec2d(2496.9398200930736, 318.75), vel: Vec2d(0, 0), key 입력: ['left', 'right']
[INFO] [18.763초 로그] 특이사항: 장애물 충돌, Ball pos: Vec2d(2496.9398200930736, 318.75), vel: Vec2d(0, 0), key 입력: ['left', 'right']
[INFO] [18.779초 로그] 특이사항: 장애물 충돌, Ball pos: Vec2d(2496.9398200930736, 318.75), vel: Vec2d(0, 0), key 입력: ['left', 'right']
[INFO] [18.795초 로그] 특이사항: 장애물 충돌, Ball pos: Vec2d(2496.9398200930736, 318.75), vel: Vec2d(0, 0), key 입력: ['left', 'right']
[INFO] [18.812초 로그] 특이사항: 장애물 충돌, Ball pos: Vec2d(2496.9398200930736, 318.75), vel: Vec2d(0, 0), key 입력: ['left', 'right']
[INFO] [18.828초 로그] 특이사항: 장애물 충돌, Ball pos: Vec2d(2496.9398200930736, 318.75), vel: Vec2d(0, 0), key 입력: ['left', 'right']
[INFO] [18.844초 로그] 특이사항: 장애물 충돌, Ball pos: Vec2d(2496.9398200930736, 318.75), vel: Vec2d(0, 0), key 입력: ['left']
[INFO] [18.860초 로그] 특이사항: 장애물 충돌, Ball pos: Vec2d(2496.9398200930736, 318.75), vel: Vec2d(0, 0), key 입력: ['left']
[INFO] [18.876초 로그] 특이사항: 장애물 충돌, Ball pos: Vec2d(2496.9398200930736, 318.75), vel: Vec2d(0, 0), key 입력: ['left']
[INFO] [18.892초 로그] 특이사항: 장애물 충돌, Ball pos: Vec2d(2496.9398200930736, 318.75), vel: Vec2d(0, 0), key 입력: ['left']
[INFO] [18.908초 로그] 특이사항: 장애물 충돌, Ball pos: Vec2d(2496.9398200930736, 318.75), vel: Vec2d(0, 0), key 입력: ['left']
[INFO] [18.924초 로그] 특이사항: 장애물 충돌, Ball pos: Vec2d(2496.9398200930736, 318.75), vel: Vec2d(0, 0), key 입력: ['left']
[INFO] [18.940초 로그] 특이사항: 장애물 충돌, Ball pos: Vec2d(2496.9398200930736, 318.75), vel: Vec2d(0, 0), key 입력: ['left', 'right']
[INFO] [18.956초 로그] 특이사항: 장애물 충돌, Ball pos: Vec2d(2496.9398200930736, 318.75), vel: Vec2d(0, 0), key 입력: ['left', 'right']
[INFO] [18.972초 로그] 특이사항: 장애물 충돌, Ball pos: Vec2d(2496.9398200930736, 318.75), vel: Vec2d(0, 0), key 입력: ['left', 'right']
[INFO] [18.988초 로그] 특이사항: 장애물 충돌, Ball pos: Vec2d(2496.9398200930736, 318.75), vel: Vec2d(0, 0), key 입력: ['right']
[INFO] [19.004초 로그] 특이사항: 주기적 로그, Ball pos: Vec2d(2496.9398200930736, 318.75), vel: Vec2d(0, 0), key 입력: ['right']
[INFO] [19.000초 로그] 특이사항: 장애물 충돌, Ball pos: Vec2d(2496.9398200930736, 318.75), vel: Vec2d(0, 0), key 입력: ['right']
[INFO] [19.017초 로그] 특이사항: 장애물 충돌, Ball pos: Vec2d(2496.9398200930736, 318.75), vel: Vec2d(0, 0), key 입력: ['right', 'up']
[INFO] [19.033초 로그] 특이사항: 장애물 충돌, Ball pos: Vec2d(2496.9398200930736, 318.75), vel: Vec2d(0, 0), key 입력: ['up']
[INFO] [19.050초 로그] 특이사항: 장애물 충돌, Ball pos: Vec2d(2496.9398200930736, 318.75), vel: Vec2d(0, 0), key 입력: ['up']
[INFO] [19.067초 로그] 특이사항: 장애물 충돌, Ball pos: Vec2d(2496.9398200930736, 318.75), vel: Vec2d(0, 0), key 입력: ['up']
[INFO] [19.084초 로그] 특이사항: 장애물 충돌, Ball pos: Vec2d(2496.9398200930736, 318.75), vel: Vec2d(0, 0), key 입력: ['up']
[INFO] [19.100초 로그] 특이사항: 장애물 충돌, Ball pos: Vec2d(2496.9398200930736, 318.75), vel: Vec2d(0, 0), key 입력: ['left', 'up']
[INFO] [19.117초 로그] 특이사항: 장애물 충돌, Ball pos: Vec2d(2496.9398200930736, 318.75), vel: Vec2d(0, 0), key 입력: ['left', 'up']
[INFO] [19.133초 로그] 특이사항: 장애물 충돌, Ball pos: Vec2d(2496.9398200930736, 318.75), vel: Vec2d(0, 0), key 입력: ['left']
[INFO] [19.149초 로그] 특이사항: 장애물 충돌, Ball pos: Vec2d(2496.9398200930736, 318.75), vel: Vec2d(0, 0), key 입력: ['left']
[INFO] [19.165초 로그] 특이사항: 장애물 충돌, Ball pos: Vec2d(2496.9398200930736, 318.75), vel: Vec2d(0, 0), key 입력: ['left']
[INFO] [19.181초 로그] 특이사항: 장애물 충돌, Ball pos: Vec2d(2496.9398200930736, 318.75), vel: Vec2d(0, 0), key 입력: ['left']
[INFO] [19.197초 로그] 특이사항: 장애물 충돌, Ball pos: Vec2d(2496.9398200930736, 318.75), vel: Vec2d(0, 0), key 입력: ['left']
[INFO] [19.213초 로그] 특이사항: 장애물 충돌, Ball pos: Vec2d(2496.9398200930736, 318.75), vel: Vec2d(0, 0), key 입력: ['left']
[INFO] [19.229초 로그] 특이사항: 장애물 충돌, Ball pos: Vec2d(2496.9398200930736, 318.75), vel: Vec2d(0, 0), key 입력: ['left']
[INFO] [19.245초 로그] 특이사항: 장애물 충돌, Ball pos: Vec2d(2496.9398200930736, 318.75), vel: Vec2d(0, 0), key 입력: ['left']
[INFO] [19.261초 로그] 특이사항: 장애물 충돌, Ball pos: Vec2d(2496.9398200930736, 318.75), vel: Vec2d(0, 0), key 입력: ['left']
[INFO] [19.277초 로그] 특이사항: 장애물 충돌, Ball pos: Vec2d(2496.9398200930736, 318.75), vel: Vec2d(0, 0), key 입력: []
[INFO] [19.293초 로그] 특이사항: 장애물 충돌, Ball pos: Vec2d(2496.9398200930736, 318.75), vel: Vec2d(0, 0), key 입력: []
[INFO] [19.309초 로그] 특이사항: 장애물 충돌, Ball pos: Vec2d(2496.9398200930736, 318.75), vel: Vec2d(0, 0), key 입력: []
[INFO] [19.326초 로그] 특이사항: 장애물 충돌, Ball pos: Vec2d(2496.9398200930736, 318.75), vel: Vec2d(0, 0), key 입력: []
[INFO] [19.342초 로그] 특이사항: 장애물 충돌, Ball pos: Vec2d(2496.9398200930736, 318.75), vel: Vec2d(0, 0), key 입력: ['left']
[INFO] [19.358초 로그] 특이사항: 장애물 충돌, Ball pos: Vec2d(2496.9398200930736, 318.75), vel: Vec2d(0, 0), key 입력: ['left']
[INFO] [19.374초 로그] 특이사항: 장애물 충돌, Ball pos: Vec2d(2496.9398200930736, 318.75), vel: Vec2d(0, 0), key 입력: ['left']
[INFO] [19.390초 로그] 특이사항: 장애물 충돌, Ball pos: Vec2d(2496.9398200930736, 318.75), vel: Vec2d(0, 0), key 입력: ['left']
[INFO] [19.406초 로그] 특이사항: 장애물 충돌, Ball pos: Vec2d(2496.9398200930736, 318.75), vel: Vec2d(0, 0), key 입력: ['left']
[INFO] [19.422초 로그] 특이사항: 장애물 충돌, Ball pos: Vec2d(2496.9398200930736, 318.75), vel: Vec2d(0, 0), key 입력: ['left', 'right']
[INFO] [19.438초 로그] 특이사항: 장애물 충돌, Ball pos: Vec2d(2496.9398200930736, 318.75), vel: Vec2d(0, 0), key 입력: ['left', 'right']
[INFO] [19.454초 로그] 특이사항: 장애물 충돌, Ball pos: Vec2d(2496.9398200930736, 318.75), vel: Vec2d(0, 0), key 입력: ['left', 'right']
[INFO] [19.470초 로그] 특이사항: 장애물 충돌, Ball pos: Vec2d(2496.9398200930736, 318.75), vel: Vec2d(0, 0), key 입력: ['left', 'right']
[INFO] [19.487초 로그] 특이사항: 장애물 충돌, Ball pos: Vec2d(2496.9398200930736, 318.75), vel: Vec2d(0, 0), key 입력: ['right', 'up']
[INFO] [19.503초 로그] 특이사항: 장애물 충돌, Ball pos: Vec2d(2496.9398200930736, 318.75), vel: Vec2d(0, 0), key 입력: ['right', 'up']
[INFO] [19.520초 로그] 특이사항: 장애물 충돌, Ball pos: Vec2d(2496.9398200930736, 318.75), vel: Vec2d(0, 0), key 입력: ['up']
[INFO] [19.536초 로그] 특이사항: 장애물 충돌, Ball pos: Vec2d(2496.9398200930736, 318.75), vel: Vec2d(0, 0), key 입력: ['up']
[INFO] [19.552초 로그] 특이사항: 장애물 충돌, Ball pos: Vec2d(2496.9398200930736, 318.75), vel: Vec2d(0, 0), key 입력: ['up']
[INFO] [19.568초 로그] 특이사항: 장애물 충돌, Ball pos: Vec2d(2496.9398200930736, 318.75), vel: Vec2d(0, 0), key 입력: ['left', 'up']
[INFO] [19.584초 로그] 특이사항: 장애물 충돌, Ball pos: Vec2d(2496.9398200930736, 318.75), vel: Vec2d(0, 0), key 입력: ['left', 'up']
[INFO] [19.600초 로그] 특이사항: 장애물 충돌, Ball pos: Vec2d(2496.9398200930736, 318.75), vel: Vec2d(0, 0), key 입력: ['left', 'up']
[INFO] [19.616초 로그] 특이사항: 장애물 충돌, Ball pos: Vec2d(2496.9398200930736, 318.75), vel: Vec2d(0, 0), key 입력: ['left', 'up']
[INFO] [19.632초 로그] 특이사항: 장애물 충돌, Ball pos: Vec2d(2496.9398200930736, 318.75), vel: Vec2d(0, 0), key 입력: ['left', 'up']
[INFO] [19.648초 로그] 특이사항: 장애물 충돌, Ball pos: Vec2d(2496.9398200930736, 318.75), vel: Vec2d(0, 0), key 입력: ['left', 'up']
[INFO] [19.664초 로그] 특이사항: 장애물 충돌, Ball pos: Vec2d(2496.9398200930736, 318.75), vel: Vec2d(0, 0), key 입력: ['left', 'up']
[INFO] [19.679초 로그] 특이사항: 장애물 충돌, Ball pos: Vec2d(2496.9398200930736, 318.75), vel: Vec2d(0, 0), key 입력: ['left', 'up']
[INFO] [19.695초 로그] 특이사항: 장애물 충돌, Ball pos: Vec2d(2496.9398200930736, 318.75), vel: Vec2d(0, 0), key 입력: ['left', 'up']
[INFO] [19.711초 로그] 특이사항: 장애물 충돌, Ball pos: Vec2d(2496.9398200930736, 318.75), vel: Vec2d(0, 0), key 입력: ['left', 'up']
[INFO] [19.727초 로그] 특이사항: 장애물 충돌, Ball pos: Vec2d(2496.9398200930736, 318.75), vel: Vec2d(0, 0), key 입력: ['left', 'up']
[INFO] [19.743초 로그] 특이사항: 장애물 충돌, Ball pos: Vec2d(2496.9398200930736, 318.75), vel: Vec2d(0, 0), key 입력: ['left', 'up']
[INFO] [19.759초 로그] 특이사항: 장애물 충돌, Ball pos: Vec2d(2496.9398200930736, 318.75), vel: Vec2d(0, 0), key 입력: ['left', 'up']
[INFO] [19.775초 로그] 특이사항: 장애물 충돌, Ball pos: Vec2d(2496.9398200930736, 318.75), vel: Vec2d(0, 0), key 입력: ['left', 'up']
[INFO] [19.791초 로그] 특이사항: 장애물 충돌, Ball pos: Vec2d(2496.9398200930736, 318.75), vel: Vec2d(0, 0), key 입력: ['left', 'up']
[INFO] [19.807초 로그] 특이사항: 장애물 충돌, Ball pos: Vec2d(2496.9398200930736, 318.75), vel: Vec2d(0, 0), key 입력: ['left', 'up']
[INFO] [19.823초 로그] 특이사항: 장애물 충돌, Ball pos: Vec2d(2496.9398200930736, 318.75), vel: Vec2d(0, 0), key 입력: ['left', 'up']
[INFO] [19.839초 로그] 특이사항: 장애물 충돌, Ball pos: Vec2d(2496.9398200930736, 318.75), vel: Vec2d(0, 0), key 입력: ['left', 'up']
[INFO] [19.855초 로그] 특이사항: 장애물 충돌, Ball pos: Vec2d(2496.9398200930736, 318.75), vel: Vec2d(0, 0), key 입력: ['left', 'up']
[INFO] [19.871초 로그] 특이사항: 장애물 충돌, Ball pos: Vec2d(2496.9398200930736, 318.75), vel: Vec2d(0, 0), key 입력: ['left', 'right']
[INFO] [19.888초 로그] 특이사항: 장애물 충돌, Ball pos: Vec2d(2496.9398200930736, 318.75), vel: Vec2d(0, 0), key 입력: ['left', 'right']
[INFO] [19.904초 로그] 특이사항: 장애물 충돌, Ball pos: Vec2d(2496.9398200930736, 318.75), vel: Vec2d(0, 0), key 입력: ['left', 'right']
[INFO] [19.920초 로그] 특이사항: 장애물 충돌, Ball pos: Vec2d(2496.9398200930736, 318.75), vel: Vec2d(0, 0), key 입력: ['left', 'right']
[INFO] [19.936초 로그] 특이사항: 장애물 충돌, Ball pos: Vec2d(2496.9398200930736, 318.75), vel: Vec2d(0, 0), key 입력: ['left', 'right']
[INFO] [19.952초 로그] 특이사항: 장애물 충돌, Ball pos: Vec2d(2496.9398200930736, 318.75), vel: Vec2d(0, 0), key 입력: ['left', 'up']
[INFO] [19.968초 로그] 특이사항: 장애물 충돌, Ball pos: Vec2d(2496.9398200930736, 318.75), vel: Vec2d(0, 0), key 입력: ['up']
[INFO] [19.984초 로그] 특이사항: 장애물 충돌, Ball pos: Vec2d(2496.9398200930736, 318.75), vel: Vec2d(0, 0), key 입력: ['up']
[INFO] [20.000초 로그] 특이사항: 주기적 로그, Ball pos: Vec2d(2496.9398200930736, 318.75), vel: Vec2d(0, 0), key 입력: ['up']
